WARNING	An augustus species is mentioned in the config file, dataset default species (human) will be ignored
INFO	****************** Start a BUSCO 3.0.2 analysis, current time: 10/12/2017 18:16:14 ******************
INFO	Configuration loaded from /n/holylfs/LABS/informatics/tsackton/bird_genomes/config.ini
INFO	Init tools...
INFO	Check dependencies...
INFO	Check input file...
INFO	To reproduce this run: python /n/sw/fasrcsw/apps/Core/BUSCO/3.0.2-fasrc01/bin/run_BUSCO.py -i aptHaa.genome.all.maker.proteins.fasta -o aptHaa.genome.all.maker.proteins.fasta-vertebrata_odb9 -l vertebrata_odb9/ -m proteins -c 16
INFO	Mode is: proteins
INFO	The lineage dataset is: vertebrata_odb9 (eukaryota)
INFO	Temp directory is ./tmp/
INFO	Running HMMER on the proteins:
INFO	[hmmsearch]	259 of 2586 task(s) completed at 10/12/2017 18:17:48
INFO	[hmmsearch]	518 of 2586 task(s) completed at 10/12/2017 18:18:45
INFO	[hmmsearch]	776 of 2586 task(s) completed at 10/12/2017 18:19:24
INFO	[hmmsearch]	1035 of 2586 task(s) completed at 10/12/2017 18:19:53
INFO	[hmmsearch]	1294 of 2586 task(s) completed at 10/12/2017 18:20:16
INFO	[hmmsearch]	1552 of 2586 task(s) completed at 10/12/2017 18:20:36
INFO	[hmmsearch]	1811 of 2586 task(s) completed at 10/12/2017 18:20:55
INFO	[hmmsearch]	2069 of 2586 task(s) completed at 10/12/2017 18:21:09
INFO	[hmmsearch]	2328 of 2586 task(s) completed at 10/12/2017 18:21:21
INFO	[hmmsearch]	2586 of 2586 task(s) completed at 10/12/2017 18:21:40
INFO	Results:
INFO	C:94.5%[S:55.1%,D:39.4%],F:4.3%,M:1.2%,n:2586
INFO	2442 Complete BUSCOs (C)
INFO	1424 Complete and single-copy BUSCOs (S)
INFO	1018 Complete and duplicated BUSCOs (D)
INFO	111 Fragmented BUSCOs (F)
INFO	33 Missing BUSCOs (M)
INFO	2586 Total BUSCO groups searched
INFO	BUSCO analysis done with WARNING(s). Total running time: 343.65469217300415 seconds
INFO	Results written in /n/holylfs/LABS/informatics/tsackton/bird_genomes/run_aptHaa.genome.all.maker.proteins.fasta-vertebrata_odb9/

