WARNING	An augustus species is mentioned in the config file, dataset default species (human) will be ignored
INFO	****************** Start a BUSCO 3.0.2 analysis, current time: 10/13/2017 02:26:17 ******************
INFO	Configuration loaded from /n/holylfs/LABS/informatics/tsackton/bird_genomes/config.ini
INFO	Init tools...
INFO	Check dependencies...
INFO	Check input file...
INFO	To reproduce this run: python /n/sw/fasrcsw/apps/Core/BUSCO/3.0.2-fasrc01/bin/run_BUSCO.py -i aptHaa.fa -o aptHaa.fa-vertebrata_odb9 -l vertebrata_odb9/ -m genome -c 16 -sp chicken
INFO	Mode is: genome
INFO	The lineage dataset is: vertebrata_odb9 (eukaryota)
INFO	Temp directory is ./tmp/
INFO	****** Phase 1 of 2, initial predictions ******
INFO	****** Step 1/3, current time: 10/13/2017 02:27:01 ******
INFO	Create blast database...
INFO	[makeblastdb]	Building a new DB, current time: 10/13/2017 02:27:01
INFO	[makeblastdb]	New DB name:   /n/holylfs/LABS/informatics/tsackton/bird_genomes/tmp/aptHaa.fa-vertebrata_odb9_407033528
INFO	[makeblastdb]	New DB title:  aptHaa.fa
INFO	[makeblastdb]	Sequence type: Nucleotide
INFO	[makeblastdb]	Keep Linkouts: T
INFO	[makeblastdb]	Keep MBits: T
INFO	[makeblastdb]	Maximum file size: 1000000000B
INFO	[makeblastdb]	Adding sequences from FASTA; added 4316 sequences in 29.7901 seconds.
INFO	[makeblastdb]	1 of 1 task(s) completed at 10/13/2017 02:27:30
INFO	Running tblastn, writing output to /n/holylfs/LABS/informatics/tsackton/bird_genomes/run_aptHaa.fa-vertebrata_odb9/blast_output/tblastn_aptHaa.fa-vertebrata_odb9.tsv...
INFO	[tblastn]	1 of 1 task(s) completed at 10/13/2017 02:58:42
INFO	****** Step 2/3, current time: 10/13/2017 02:58:42 ******
INFO	Maximum number of candidate contig per BUSCO limited to: 3
INFO	Getting coordinates for candidate regions...
INFO	Pre-Augustus scaffold extraction...
INFO	Running Augustus prediction using chicken as species:
INFO	[augustus]	Please find all logs related to Augustus errors here: /n/holylfs/LABS/informatics/tsackton/bird_genomes/run_aptHaa.fa-vertebrata_odb9/augustus_output/augustus.log
INFO	[augustus]	315 of 3141 task(s) completed at 10/13/2017 03:09:49
INFO	[augustus]	629 of 3141 task(s) completed at 10/13/2017 03:17:36
INFO	[augustus]	943 of 3141 task(s) completed at 10/13/2017 03:26:55
INFO	[augustus]	1257 of 3141 task(s) completed at 10/13/2017 03:35:45
INFO	[augustus]	1571 of 3141 task(s) completed at 10/13/2017 03:45:33
INFO	[augustus]	1885 of 3141 task(s) completed at 10/13/2017 03:55:00
INFO	[augustus]	2199 of 3141 task(s) completed at 10/13/2017 04:03:50
INFO	[augustus]	2513 of 3141 task(s) completed at 10/13/2017 04:12:04
INFO	[augustus]	2827 of 3141 task(s) completed at 10/13/2017 04:20:28
INFO	[augustus]	3141 of 3141 task(s) completed at 10/13/2017 04:28:09
INFO	Extracting predicted proteins...
INFO	****** Step 3/3, current time: 10/13/2017 04:33:55 ******
INFO	Running HMMER to confirm orthology of predicted proteins:
INFO	[hmmsearch]	314 of 3133 task(s) completed at 10/13/2017 04:34:01
INFO	[hmmsearch]	627 of 3133 task(s) completed at 10/13/2017 04:34:05
INFO	[hmmsearch]	940 of 3133 task(s) completed at 10/13/2017 04:34:09
INFO	[hmmsearch]	1254 of 3133 task(s) completed at 10/13/2017 04:34:13
INFO	[hmmsearch]	1567 of 3133 task(s) completed at 10/13/2017 04:34:18
INFO	[hmmsearch]	1880 of 3133 task(s) completed at 10/13/2017 04:34:22
INFO	[hmmsearch]	2194 of 3133 task(s) completed at 10/13/2017 04:34:26
INFO	[hmmsearch]	2507 of 3133 task(s) completed at 10/13/2017 04:34:30
INFO	[hmmsearch]	2820 of 3133 task(s) completed at 10/13/2017 04:34:34
INFO	[hmmsearch]	3133 of 3133 task(s) completed at 10/13/2017 04:34:39
INFO	Results:
INFO	C:96.0%[S:95.7%,D:0.3%],F:2.6%,M:1.4%,n:2586
INFO	2481 Complete BUSCOs (C)
INFO	2474 Complete and single-copy BUSCOs (S)
INFO	7 Complete and duplicated BUSCOs (D)
INFO	68 Fragmented BUSCOs (F)
INFO	37 Missing BUSCOs (M)
INFO	2586 Total BUSCO groups searched
INFO	****** Phase 2 of 2, predictions using species specific training ******
INFO	****** Step 1/3, current time: 10/13/2017 04:34:56 ******
INFO	Extracting missing and fragmented buscos from the ancestral_variants file...
INFO	Running tblastn, writing output to /n/holylfs/LABS/informatics/tsackton/bird_genomes/run_aptHaa.fa-vertebrata_odb9/blast_output/tblastn_aptHaa.fa-vertebrata_odb9_missing_and_frag_rerun.tsv...
INFO	[tblastn]	1 of 1 task(s) completed at 10/13/2017 04:45:57
INFO	Maximum number of candidate contig per BUSCO limited to: 3
INFO	Getting coordinates for candidate regions...
INFO	****** Step 2/3, current time: 10/13/2017 04:45:57 ******
INFO	Training Augustus using Single-Copy Complete BUSCOs:
INFO	Converting predicted genes to short genbank files at 10/13/2017 04:45:57...
INFO	All files converted to short genbank files, now running the training scripts at 10/13/2017 06:30:45...
INFO	Pre-Augustus scaffold extraction...
INFO	Re-running Augustus with the new metaparameters, number of target BUSCOs: 105
INFO	[augustus]	15 of 150 task(s) completed at 10/13/2017 06:32:09
INFO	[augustus]	30 of 150 task(s) completed at 10/13/2017 06:32:29
INFO	[augustus]	45 of 150 task(s) completed at 10/13/2017 06:32:59
INFO	[augustus]	60 of 150 task(s) completed at 10/13/2017 06:33:28
INFO	[augustus]	75 of 150 task(s) completed at 10/13/2017 06:33:54
INFO	[augustus]	90 of 150 task(s) completed at 10/13/2017 06:34:18
INFO	[augustus]	105 of 150 task(s) completed at 10/13/2017 06:35:02
INFO	[augustus]	120 of 150 task(s) completed at 10/13/2017 06:35:33
INFO	[augustus]	135 of 150 task(s) completed at 10/13/2017 06:35:59
INFO	[augustus]	150 of 150 task(s) completed at 10/13/2017 06:37:23
INFO	Extracting predicted proteins...
INFO	****** Step 3/3, current time: 10/13/2017 06:37:39 ******
INFO	Running HMMER to confirm orthology of predicted proteins:
INFO	[hmmsearch]	15 of 148 task(s) completed at 10/13/2017 06:37:39
INFO	[hmmsearch]	30 of 148 task(s) completed at 10/13/2017 06:37:39
INFO	[hmmsearch]	45 of 148 task(s) completed at 10/13/2017 06:37:39
INFO	[hmmsearch]	60 of 148 task(s) completed at 10/13/2017 06:37:39
INFO	[hmmsearch]	75 of 148 task(s) completed at 10/13/2017 06:37:40
INFO	[hmmsearch]	89 of 148 task(s) completed at 10/13/2017 06:37:40
INFO	[hmmsearch]	104 of 148 task(s) completed at 10/13/2017 06:37:40
INFO	[hmmsearch]	119 of 148 task(s) completed at 10/13/2017 06:37:40
INFO	[hmmsearch]	134 of 148 task(s) completed at 10/13/2017 06:37:40
INFO	[hmmsearch]	148 of 148 task(s) completed at 10/13/2017 06:37:41
INFO	Results:
INFO	C:97.1%[S:96.8%,D:0.3%],F:2.0%,M:0.9%,n:2586
INFO	2509 Complete BUSCOs (C)
INFO	2502 Complete and single-copy BUSCOs (S)
INFO	7 Complete and duplicated BUSCOs (D)
INFO	52 Fragmented BUSCOs (F)
INFO	25 Missing BUSCOs (M)
INFO	2586 Total BUSCO groups searched
INFO	BUSCO analysis done with WARNING(s). Total running time: 15201.691863536835 seconds
INFO	Results written in /n/holylfs/LABS/informatics/tsackton/bird_genomes/run_aptHaa.fa-vertebrata_odb9/

