WARNING	An augustus species is mentioned in the config file, dataset default species (human) will be ignored
INFO	****************** Start a BUSCO 3.0.2 analysis, current time: 10/12/2017 18:01:45 ******************
INFO	Configuration loaded from /n/holylfs/LABS/informatics/tsackton/bird_genomes/config.ini
INFO	Init tools...
INFO	Check dependencies...
INFO	Check input file...
INFO	To reproduce this run: python /n/sw/fasrcsw/apps/Core/BUSCO/3.0.2-fasrc01/bin/run_BUSCO.py -i aptHaa.fa -o aptHaa.fa-aves_odb9 -l aves_odb9/ -m genome -c 16 -sp chicken
INFO	Mode is: genome
INFO	The lineage dataset is: aves_odb9 (eukaryota)
INFO	Temp directory is ./tmp/
INFO	****** Phase 1 of 2, initial predictions ******
INFO	****** Step 1/3, current time: 10/12/2017 18:02:28 ******
INFO	Create blast database...
INFO	[makeblastdb]	Building a new DB, current time: 10/12/2017 18:02:28
INFO	[makeblastdb]	New DB name:   /n/holylfs/LABS/informatics/tsackton/bird_genomes/tmp/aptHaa.fa-aves_odb9_453852617
INFO	[makeblastdb]	New DB title:  aptHaa.fa
INFO	[makeblastdb]	Sequence type: Nucleotide
INFO	[makeblastdb]	Keep Linkouts: T
INFO	[makeblastdb]	Keep MBits: T
INFO	[makeblastdb]	Maximum file size: 1000000000B
INFO	[makeblastdb]	Adding sequences from FASTA; added 4316 sequences in 29.9992 seconds.
INFO	[makeblastdb]	1 of 1 task(s) completed at 10/12/2017 18:02:58
INFO	Running tblastn, writing output to /n/holylfs/LABS/informatics/tsackton/bird_genomes/run_aptHaa.fa-aves_odb9/blast_output/tblastn_aptHaa.fa-aves_odb9.tsv...
INFO	[tblastn]	1 of 1 task(s) completed at 10/12/2017 19:07:53
INFO	****** Step 2/3, current time: 10/12/2017 19:07:53 ******
INFO	Maximum number of candidate contig per BUSCO limited to: 3
INFO	Getting coordinates for candidate regions...
INFO	Pre-Augustus scaffold extraction...
INFO	Running Augustus prediction using chicken as species:
INFO	[augustus]	Please find all logs related to Augustus errors here: /n/holylfs/LABS/informatics/tsackton/bird_genomes/run_aptHaa.fa-aves_odb9/augustus_output/augustus.log
INFO	[augustus]	696 of 6958 task(s) completed at 10/12/2017 19:26:53
INFO	[augustus]	1392 of 6958 task(s) completed at 10/12/2017 19:45:38
INFO	[augustus]	2088 of 6958 task(s) completed at 10/12/2017 20:02:49
INFO	[augustus]	2784 of 6958 task(s) completed at 10/12/2017 20:19:31
INFO	[augustus]	3479 of 6958 task(s) completed at 10/12/2017 20:35:39
INFO	[augustus]	4175 of 6958 task(s) completed at 10/12/2017 20:50:39
INFO	[augustus]	4871 of 6958 task(s) completed at 10/12/2017 21:05:41
INFO	[augustus]	5567 of 6958 task(s) completed at 10/12/2017 21:20:49
INFO	[augustus]	6263 of 6958 task(s) completed at 10/12/2017 21:36:00
INFO	[augustus]	6958 of 6958 task(s) completed at 10/12/2017 21:53:44
INFO	Extracting predicted proteins...
INFO	****** Step 3/3, current time: 10/12/2017 22:06:35 ******
INFO	Running HMMER to confirm orthology of predicted proteins:
INFO	[hmmsearch]	694 of 6938 task(s) completed at 10/12/2017 22:06:49
INFO	[hmmsearch]	1388 of 6938 task(s) completed at 10/12/2017 22:07:02
INFO	[hmmsearch]	2082 of 6938 task(s) completed at 10/12/2017 22:07:15
INFO	[hmmsearch]	2776 of 6938 task(s) completed at 10/12/2017 22:07:27
INFO	[hmmsearch]	3469 of 6938 task(s) completed at 10/12/2017 22:07:40
INFO	[hmmsearch]	4857 of 6938 task(s) completed at 10/12/2017 22:08:05
INFO	[hmmsearch]	5551 of 6938 task(s) completed at 10/12/2017 22:08:18
INFO	[hmmsearch]	6245 of 6938 task(s) completed at 10/12/2017 22:08:31
INFO	[hmmsearch]	6938 of 6938 task(s) completed at 10/12/2017 22:08:44
INFO	Results:
INFO	C:90.9%[S:89.8%,D:1.1%],F:5.6%,M:3.5%,n:4915
INFO	4470 Complete BUSCOs (C)
INFO	4415 Complete and single-copy BUSCOs (S)
INFO	55 Complete and duplicated BUSCOs (D)
INFO	275 Fragmented BUSCOs (F)
INFO	170 Missing BUSCOs (M)
INFO	4915 Total BUSCO groups searched
INFO	****** Phase 2 of 2, predictions using species specific training ******
INFO	****** Step 1/3, current time: 10/12/2017 22:09:23 ******
INFO	Extracting missing and fragmented buscos from the ancestral_variants file...
INFO	Running tblastn, writing output to /n/holylfs/LABS/informatics/tsackton/bird_genomes/run_aptHaa.fa-aves_odb9/blast_output/tblastn_aptHaa.fa-aves_odb9_missing_and_frag_rerun.tsv...
INFO	[tblastn]	1 of 1 task(s) completed at 10/12/2017 22:53:45
INFO	Maximum number of candidate contig per BUSCO limited to: 3
INFO	Getting coordinates for candidate regions...
INFO	****** Step 2/3, current time: 10/12/2017 22:53:47 ******
INFO	Training Augustus using Single-Copy Complete BUSCOs:
INFO	Converting predicted genes to short genbank files at 10/12/2017 22:53:47...
INFO	All files converted to short genbank files, now running the training scripts at 10/13/2017 02:00:35...
INFO	Pre-Augustus scaffold extraction...
INFO	Re-running Augustus with the new metaparameters, number of target BUSCOs: 445
INFO	[augustus]	73 of 726 task(s) completed at 10/13/2017 02:04:03
INFO	[augustus]	146 of 726 task(s) completed at 10/13/2017 02:05:48
INFO	[augustus]	218 of 726 task(s) completed at 10/13/2017 02:07:20
INFO	[augustus]	291 of 726 task(s) completed at 10/13/2017 02:08:58
INFO	[augustus]	363 of 726 task(s) completed at 10/13/2017 02:10:46
INFO	[augustus]	436 of 726 task(s) completed at 10/13/2017 02:12:33
INFO	[augustus]	509 of 726 task(s) completed at 10/13/2017 02:14:26
INFO	[augustus]	581 of 726 task(s) completed at 10/13/2017 02:16:24
INFO	[augustus]	654 of 726 task(s) completed at 10/13/2017 02:18:20
INFO	[augustus]	726 of 726 task(s) completed at 10/13/2017 02:21:03
INFO	Extracting predicted proteins...
INFO	****** Step 3/3, current time: 10/13/2017 02:22:20 ******
INFO	Running HMMER to confirm orthology of predicted proteins:
INFO	[hmmsearch]	73 of 722 task(s) completed at 10/13/2017 02:22:21
INFO	[hmmsearch]	145 of 722 task(s) completed at 10/13/2017 02:22:22
INFO	[hmmsearch]	217 of 722 task(s) completed at 10/13/2017 02:22:24
INFO	[hmmsearch]	289 of 722 task(s) completed at 10/13/2017 02:22:25
INFO	[hmmsearch]	362 of 722 task(s) completed at 10/13/2017 02:22:26
INFO	[hmmsearch]	434 of 722 task(s) completed at 10/13/2017 02:22:28
INFO	[hmmsearch]	506 of 722 task(s) completed at 10/13/2017 02:22:29
INFO	[hmmsearch]	578 of 722 task(s) completed at 10/13/2017 02:22:30
INFO	[hmmsearch]	650 of 722 task(s) completed at 10/13/2017 02:22:31
INFO	[hmmsearch]	722 of 722 task(s) completed at 10/13/2017 02:22:33
INFO	Results:
INFO	C:93.4%[S:92.3%,D:1.1%],F:3.9%,M:2.7%,n:4915
INFO	4592 Complete BUSCOs (C)
INFO	4537 Complete and single-copy BUSCOs (S)
INFO	55 Complete and duplicated BUSCOs (D)
INFO	193 Fragmented BUSCOs (F)
INFO	130 Missing BUSCOs (M)
INFO	4915 Total BUSCO groups searched
INFO	BUSCO analysis done with WARNING(s). Total running time: 30268.68114542961 seconds
INFO	Results written in /n/holylfs/LABS/informatics/tsackton/bird_genomes/run_aptHaa.fa-aves_odb9/

