WARNING	An augustus species is mentioned in the config file, dataset default species (human) will be ignored
INFO	****************** Start a BUSCO 3.0.2 analysis, current time: 10/13/2017 15:06:19 ******************
INFO	Configuration loaded from /n/holylfs/LABS/informatics/tsackton/bird_genomes/config.ini
INFO	Init tools...
INFO	Check dependencies...
INFO	Check input file...
INFO	To reproduce this run: python /n/sw/fasrcsw/apps/Core/BUSCO/3.0.2-fasrc01/bin/run_BUSCO.py -i aptOwe.fa -o aptOwe.fa-vertebrata_odb9 -l vertebrata_odb9/ -m genome -c 16 -sp chicken
INFO	Mode is: genome
INFO	The lineage dataset is: vertebrata_odb9 (eukaryota)
INFO	Temp directory is ./tmp/
INFO	****** Phase 1 of 2, initial predictions ******
INFO	****** Step 1/3, current time: 10/13/2017 15:07:03 ******
INFO	Create blast database...
INFO	[makeblastdb]	Building a new DB, current time: 10/13/2017 15:07:03
INFO	[makeblastdb]	New DB name:   /n/holylfs/LABS/informatics/tsackton/bird_genomes/tmp/aptOwe.fa-vertebrata_odb9_3372184819
INFO	[makeblastdb]	New DB title:  aptOwe.fa
INFO	[makeblastdb]	Sequence type: Nucleotide
INFO	[makeblastdb]	Keep Linkouts: T
INFO	[makeblastdb]	Keep MBits: T
INFO	[makeblastdb]	Maximum file size: 1000000000B
INFO	[makeblastdb]	Adding sequences from FASTA; added 5180 sequences in 29.7264 seconds.
INFO	[makeblastdb]	1 of 1 task(s) completed at 10/13/2017 15:07:33
INFO	Running tblastn, writing output to /n/holylfs/LABS/informatics/tsackton/bird_genomes/run_aptOwe.fa-vertebrata_odb9/blast_output/tblastn_aptOwe.fa-vertebrata_odb9.tsv...
INFO	[tblastn]	1 of 1 task(s) completed at 10/13/2017 15:39:33
INFO	****** Step 2/3, current time: 10/13/2017 15:39:33 ******
INFO	Maximum number of candidate contig per BUSCO limited to: 3
INFO	Getting coordinates for candidate regions...
INFO	Pre-Augustus scaffold extraction...
INFO	Running Augustus prediction using chicken as species:
INFO	[augustus]	Please find all logs related to Augustus errors here: /n/holylfs/LABS/informatics/tsackton/bird_genomes/run_aptOwe.fa-vertebrata_odb9/augustus_output/augustus.log
INFO	[augustus]	314 of 3139 task(s) completed at 10/13/2017 15:50:28
INFO	[augustus]	628 of 3139 task(s) completed at 10/13/2017 15:59:20
INFO	[augustus]	942 of 3139 task(s) completed at 10/13/2017 16:08:50
INFO	[augustus]	1256 of 3139 task(s) completed at 10/13/2017 16:17:54
INFO	[augustus]	1570 of 3139 task(s) completed at 10/13/2017 16:27:07
INFO	[augustus]	1884 of 3139 task(s) completed at 10/13/2017 16:35:11
INFO	[augustus]	2198 of 3139 task(s) completed at 10/13/2017 16:44:41
INFO	[augustus]	2512 of 3139 task(s) completed at 10/13/2017 16:53:22
INFO	[augustus]	2826 of 3139 task(s) completed at 10/13/2017 17:01:33
INFO	[augustus]	3139 of 3139 task(s) completed at 10/13/2017 17:11:18
INFO	Extracting predicted proteins...
INFO	****** Step 3/3, current time: 10/13/2017 17:18:07 ******
INFO	Running HMMER to confirm orthology of predicted proteins:
INFO	[hmmsearch]	314 of 3134 task(s) completed at 10/13/2017 17:18:13
INFO	[hmmsearch]	941 of 3134 task(s) completed at 10/13/2017 17:18:22
INFO	[hmmsearch]	1254 of 3134 task(s) completed at 10/13/2017 17:18:26
INFO	[hmmsearch]	1567 of 3134 task(s) completed at 10/13/2017 17:18:30
INFO	[hmmsearch]	1881 of 3134 task(s) completed at 10/13/2017 17:18:34
INFO	[hmmsearch]	2194 of 3134 task(s) completed at 10/13/2017 17:18:39
INFO	[hmmsearch]	2508 of 3134 task(s) completed at 10/13/2017 17:18:43
INFO	[hmmsearch]	2821 of 3134 task(s) completed at 10/13/2017 17:18:47
INFO	[hmmsearch]	3134 of 3134 task(s) completed at 10/13/2017 17:18:51
INFO	Results:
INFO	C:96.1%[S:95.9%,D:0.2%],F:2.5%,M:1.4%,n:2586
INFO	2486 Complete BUSCOs (C)
INFO	2480 Complete and single-copy BUSCOs (S)
INFO	6 Complete and duplicated BUSCOs (D)
INFO	65 Fragmented BUSCOs (F)
INFO	35 Missing BUSCOs (M)
INFO	2586 Total BUSCO groups searched
INFO	****** Phase 2 of 2, predictions using species specific training ******
INFO	****** Step 1/3, current time: 10/13/2017 17:19:10 ******
INFO	Extracting missing and fragmented buscos from the ancestral_variants file...
INFO	Running tblastn, writing output to /n/holylfs/LABS/informatics/tsackton/bird_genomes/run_aptOwe.fa-vertebrata_odb9/blast_output/tblastn_aptOwe.fa-vertebrata_odb9_missing_and_frag_rerun.tsv...
INFO	[tblastn]	1 of 1 task(s) completed at 10/13/2017 17:31:35
INFO	Maximum number of candidate contig per BUSCO limited to: 3
INFO	Getting coordinates for candidate regions...
INFO	****** Step 2/3, current time: 10/13/2017 17:31:35 ******
INFO	Training Augustus using Single-Copy Complete BUSCOs:
INFO	Converting predicted genes to short genbank files at 10/13/2017 17:31:35...
INFO	All files converted to short genbank files, now running the training scripts at 10/13/2017 19:22:58...
INFO	Pre-Augustus scaffold extraction...
INFO	Re-running Augustus with the new metaparameters, number of target BUSCOs: 100
INFO	[augustus]	15 of 144 task(s) completed at 10/13/2017 19:24:28
INFO	[augustus]	29 of 144 task(s) completed at 10/13/2017 19:24:49
INFO	[augustus]	44 of 144 task(s) completed at 10/13/2017 19:25:23
INFO	[augustus]	58 of 144 task(s) completed at 10/13/2017 19:25:43
INFO	[augustus]	73 of 144 task(s) completed at 10/13/2017 19:26:06
INFO	[augustus]	87 of 144 task(s) completed at 10/13/2017 19:26:40
INFO	[augustus]	101 of 144 task(s) completed at 10/13/2017 19:27:24
INFO	[augustus]	116 of 144 task(s) completed at 10/13/2017 19:28:05
INFO	[augustus]	130 of 144 task(s) completed at 10/13/2017 19:28:33
INFO	[augustus]	144 of 144 task(s) completed at 10/13/2017 19:31:19
INFO	Extracting predicted proteins...
INFO	****** Step 3/3, current time: 10/13/2017 19:31:35 ******
INFO	Running HMMER to confirm orthology of predicted proteins:
INFO	[hmmsearch]	15 of 142 task(s) completed at 10/13/2017 19:31:35
INFO	[hmmsearch]	29 of 142 task(s) completed at 10/13/2017 19:31:36
INFO	[hmmsearch]	43 of 142 task(s) completed at 10/13/2017 19:31:36
INFO	[hmmsearch]	57 of 142 task(s) completed at 10/13/2017 19:31:36
INFO	[hmmsearch]	71 of 142 task(s) completed at 10/13/2017 19:31:36
INFO	[hmmsearch]	86 of 142 task(s) completed at 10/13/2017 19:31:36
INFO	[hmmsearch]	100 of 142 task(s) completed at 10/13/2017 19:31:37
INFO	[hmmsearch]	114 of 142 task(s) completed at 10/13/2017 19:31:37
INFO	[hmmsearch]	128 of 142 task(s) completed at 10/13/2017 19:31:37
INFO	[hmmsearch]	142 of 142 task(s) completed at 10/13/2017 19:31:37
INFO	Results:
INFO	C:97.6%[S:97.4%,D:0.2%],F:1.6%,M:0.8%,n:2586
INFO	2526 Complete BUSCOs (C)
INFO	2520 Complete and single-copy BUSCOs (S)
INFO	6 Complete and duplicated BUSCOs (D)
INFO	41 Fragmented BUSCOs (F)
INFO	19 Missing BUSCOs (M)
INFO	2586 Total BUSCO groups searched
INFO	BUSCO analysis done with WARNING(s). Total running time: 16041.67957186699 seconds
INFO	Results written in /n/holylfs/LABS/informatics/tsackton/bird_genomes/run_aptOwe.fa-vertebrata_odb9/

