WARNING	An augustus species is mentioned in the config file, dataset default species (human) will be ignored
INFO	****************** Start a BUSCO 3.0.2 analysis, current time: 10/13/2017 06:39:40 ******************
INFO	Configuration loaded from /n/holylfs/LABS/informatics/tsackton/bird_genomes/config.ini
INFO	Init tools...
INFO	Check dependencies...
INFO	Check input file...
INFO	To reproduce this run: python /n/sw/fasrcsw/apps/Core/BUSCO/3.0.2-fasrc01/bin/run_BUSCO.py -i aptOwe.fa -o aptOwe.fa-aves_odb9 -l aves_odb9/ -m genome -c 16 -sp chicken
INFO	Mode is: genome
INFO	The lineage dataset is: aves_odb9 (eukaryota)
INFO	Temp directory is ./tmp/
INFO	****** Phase 1 of 2, initial predictions ******
INFO	****** Step 1/3, current time: 10/13/2017 06:40:23 ******
INFO	Create blast database...
INFO	[makeblastdb]	Building a new DB, current time: 10/13/2017 06:40:23
INFO	[makeblastdb]	New DB name:   /n/holylfs/LABS/informatics/tsackton/bird_genomes/tmp/aptOwe.fa-aves_odb9_2872124518
INFO	[makeblastdb]	New DB title:  aptOwe.fa
INFO	[makeblastdb]	Sequence type: Nucleotide
INFO	[makeblastdb]	Keep Linkouts: T
INFO	[makeblastdb]	Keep MBits: T
INFO	[makeblastdb]	Maximum file size: 1000000000B
INFO	[makeblastdb]	Adding sequences from FASTA; added 5180 sequences in 29.286 seconds.
INFO	[makeblastdb]	1 of 1 task(s) completed at 10/13/2017 06:40:53
INFO	Running tblastn, writing output to /n/holylfs/LABS/informatics/tsackton/bird_genomes/run_aptOwe.fa-aves_odb9/blast_output/tblastn_aptOwe.fa-aves_odb9.tsv...
INFO	[tblastn]	1 of 1 task(s) completed at 10/13/2017 07:42:43
INFO	****** Step 2/3, current time: 10/13/2017 07:42:43 ******
INFO	Maximum number of candidate contig per BUSCO limited to: 3
INFO	Getting coordinates for candidate regions...
INFO	Pre-Augustus scaffold extraction...
INFO	Running Augustus prediction using chicken as species:
INFO	[augustus]	Please find all logs related to Augustus errors here: /n/holylfs/LABS/informatics/tsackton/bird_genomes/run_aptOwe.fa-aves_odb9/augustus_output/augustus.log
INFO	[augustus]	699 of 6984 task(s) completed at 10/13/2017 07:59:46
INFO	[augustus]	1397 of 6984 task(s) completed at 10/13/2017 08:15:32
INFO	[augustus]	2096 of 6984 task(s) completed at 10/13/2017 08:31:29
INFO	[augustus]	2794 of 6984 task(s) completed at 10/13/2017 08:46:42
INFO	[augustus]	3492 of 6984 task(s) completed at 10/13/2017 09:02:15
INFO	[augustus]	4191 of 6984 task(s) completed at 10/13/2017 09:18:26
INFO	[augustus]	4889 of 6984 task(s) completed at 10/13/2017 09:33:24
INFO	[augustus]	5588 of 6984 task(s) completed at 10/13/2017 09:47:44
INFO	[augustus]	6286 of 6984 task(s) completed at 10/13/2017 10:01:36
INFO	[augustus]	6984 of 6984 task(s) completed at 10/13/2017 10:18:58
INFO	Extracting predicted proteins...
INFO	****** Step 3/3, current time: 10/13/2017 10:32:47 ******
INFO	Running HMMER to confirm orthology of predicted proteins:
INFO	[hmmsearch]	697 of 6965 task(s) completed at 10/13/2017 10:33:01
INFO	[hmmsearch]	1393 of 6965 task(s) completed at 10/13/2017 10:33:14
INFO	[hmmsearch]	2090 of 6965 task(s) completed at 10/13/2017 10:33:26
INFO	[hmmsearch]	2786 of 6965 task(s) completed at 10/13/2017 10:33:38
INFO	[hmmsearch]	3483 of 6965 task(s) completed at 10/13/2017 10:33:50
INFO	[hmmsearch]	4179 of 6965 task(s) completed at 10/13/2017 10:34:03
INFO	[hmmsearch]	4876 of 6965 task(s) completed at 10/13/2017 10:34:15
INFO	[hmmsearch]	5572 of 6965 task(s) completed at 10/13/2017 10:34:28
INFO	[hmmsearch]	6269 of 6965 task(s) completed at 10/13/2017 10:34:40
INFO	[hmmsearch]	6965 of 6965 task(s) completed at 10/13/2017 10:34:53
INFO	Results:
INFO	C:91.8%[S:90.8%,D:1.0%],F:5.2%,M:3.0%,n:4915
INFO	4512 Complete BUSCOs (C)
INFO	4464 Complete and single-copy BUSCOs (S)
INFO	48 Complete and duplicated BUSCOs (D)
INFO	256 Fragmented BUSCOs (F)
INFO	147 Missing BUSCOs (M)
INFO	4915 Total BUSCO groups searched
INFO	****** Phase 2 of 2, predictions using species specific training ******
INFO	****** Step 1/3, current time: 10/13/2017 10:35:34 ******
INFO	Extracting missing and fragmented buscos from the ancestral_variants file...
INFO	Running tblastn, writing output to /n/holylfs/LABS/informatics/tsackton/bird_genomes/run_aptOwe.fa-aves_odb9/blast_output/tblastn_aptOwe.fa-aves_odb9_missing_and_frag_rerun.tsv...
INFO	[tblastn]	1 of 1 task(s) completed at 10/13/2017 11:18:19
INFO	Maximum number of candidate contig per BUSCO limited to: 3
INFO	Getting coordinates for candidate regions...
INFO	****** Step 2/3, current time: 10/13/2017 11:18:21 ******
INFO	Training Augustus using Single-Copy Complete BUSCOs:
INFO	Converting predicted genes to short genbank files at 10/13/2017 11:18:21...
INFO	All files converted to short genbank files, now running the training scripts at 10/13/2017 14:40:39...
INFO	Pre-Augustus scaffold extraction...
INFO	Re-running Augustus with the new metaparameters, number of target BUSCOs: 403
INFO	[augustus]	65 of 648 task(s) completed at 10/13/2017 14:43:52
INFO	[augustus]	130 of 648 task(s) completed at 10/13/2017 14:45:43
INFO	[augustus]	195 of 648 task(s) completed at 10/13/2017 14:47:17
INFO	[augustus]	260 of 648 task(s) completed at 10/13/2017 14:48:43
INFO	[augustus]	324 of 648 task(s) completed at 10/13/2017 14:50:18
INFO	[augustus]	389 of 648 task(s) completed at 10/13/2017 14:51:53
INFO	[augustus]	454 of 648 task(s) completed at 10/13/2017 14:53:34
INFO	[augustus]	519 of 648 task(s) completed at 10/13/2017 14:55:15
INFO	[augustus]	584 of 648 task(s) completed at 10/13/2017 14:56:38
INFO	[augustus]	648 of 648 task(s) completed at 10/13/2017 14:59:27
INFO	Extracting predicted proteins...
INFO	****** Step 3/3, current time: 10/13/2017 15:00:50 ******
INFO	Running HMMER to confirm orthology of predicted proteins:
INFO	[hmmsearch]	65 of 642 task(s) completed at 10/13/2017 15:00:51
INFO	[hmmsearch]	Error: Failed to open sequence file /n/holylfs/LABS/informatics/tsackton/bird_genomes/run_aptOwe.fa-aves_odb9/augustus_output/extracted_proteins/EOG090F08O8.faa.1 for reading
INFO	[hmmsearch]	129 of 642 task(s) completed at 10/13/2017 15:00:52
INFO	[hmmsearch]	193 of 642 task(s) completed at 10/13/2017 15:00:53
INFO	[hmmsearch]	257 of 642 task(s) completed at 10/13/2017 15:00:55
INFO	[hmmsearch]	322 of 642 task(s) completed at 10/13/2017 15:00:56
INFO	[hmmsearch]	386 of 642 task(s) completed at 10/13/2017 15:00:57
INFO	[hmmsearch]	450 of 642 task(s) completed at 10/13/2017 15:00:58
INFO	[hmmsearch]	514 of 642 task(s) completed at 10/13/2017 15:01:00
INFO	[hmmsearch]	578 of 642 task(s) completed at 10/13/2017 15:01:03
INFO	[hmmsearch]	642 of 642 task(s) completed at 10/13/2017 15:01:05
INFO	Results:
INFO	C:94.3%[S:93.3%,D:1.0%],F:3.4%,M:2.3%,n:4915
INFO	4635 Complete BUSCOs (C)
INFO	4586 Complete and single-copy BUSCOs (S)
INFO	49 Complete and duplicated BUSCOs (D)
INFO	166 Fragmented BUSCOs (F)
INFO	114 Missing BUSCOs (M)
INFO	4915 Total BUSCO groups searched
INFO	BUSCO analysis done with WARNING(s). Total running time: 30396.42523574829 seconds
INFO	Results written in /n/holylfs/LABS/informatics/tsackton/bird_genomes/run_aptOwe.fa-aves_odb9/

