WARNING	An augustus species is mentioned in the config file, dataset default species (human) will be ignored
INFO	****************** Start a BUSCO 3.0.2 analysis, current time: 10/12/2017 18:59:48 ******************
INFO	Configuration loaded from /n/holylfs/LABS/informatics/tsackton/bird_genomes/config.ini
INFO	Init tools...
INFO	Check dependencies...
INFO	Check input file...
INFO	To reproduce this run: python /n/sw/fasrcsw/apps/Core/BUSCO/3.0.2-fasrc01/bin/run_BUSCO.py -i casCas.genome.all.maker.proteins.fasta -o casCas.genome.all.maker.proteins.fasta-vertebrata_odb9 -l vertebrata_odb9/ -m proteins -c 16
INFO	Mode is: proteins
INFO	The lineage dataset is: vertebrata_odb9 (eukaryota)
INFO	Temp directory is ./tmp/
INFO	Running HMMER on the proteins:
INFO	[hmmsearch]	259 of 2586 task(s) completed at 10/12/2017 19:00:46
INFO	[hmmsearch]	518 of 2586 task(s) completed at 10/12/2017 19:01:20
INFO	[hmmsearch]	776 of 2586 task(s) completed at 10/12/2017 19:01:44
INFO	[hmmsearch]	1035 of 2586 task(s) completed at 10/12/2017 19:02:02
INFO	[hmmsearch]	1294 of 2586 task(s) completed at 10/12/2017 19:02:17
INFO	[hmmsearch]	1552 of 2586 task(s) completed at 10/12/2017 19:02:29
INFO	[hmmsearch]	1811 of 2586 task(s) completed at 10/12/2017 19:02:41
INFO	[hmmsearch]	2069 of 2586 task(s) completed at 10/12/2017 19:02:50
INFO	[hmmsearch]	2328 of 2586 task(s) completed at 10/12/2017 19:02:58
INFO	[hmmsearch]	2586 of 2586 task(s) completed at 10/12/2017 19:03:09
INFO	Results:
INFO	C:93.6%[S:92.7%,D:0.9%],F:5.2%,M:1.2%,n:2586
INFO	2422 Complete BUSCOs (C)
INFO	2398 Complete and single-copy BUSCOs (S)
INFO	24 Complete and duplicated BUSCOs (D)
INFO	135 Fragmented BUSCOs (F)
INFO	29 Missing BUSCOs (M)
INFO	2586 Total BUSCO groups searched
INFO	BUSCO analysis done with WARNING(s). Total running time: 217.55178117752075 seconds
INFO	Results written in /n/holylfs/LABS/informatics/tsackton/bird_genomes/run_casCas.genome.all.maker.proteins.fasta-vertebrata_odb9/

