WARNING	An augustus species is mentioned in the config file, dataset default species (human) will be ignored
INFO	****************** Start a BUSCO 3.0.2 analysis, current time: 10/15/2017 06:12:28 ******************
INFO	Configuration loaded from /n/holylfs/LABS/informatics/tsackton/bird_genomes/config.ini
INFO	Init tools...
INFO	Check dependencies...
INFO	Check input file...
INFO	To reproduce this run: python /n/sw/fasrcsw/apps/Core/BUSCO/3.0.2-fasrc01/bin/run_BUSCO.py -i casCas.fa -o casCas.fa-vertebrata_odb9 -l vertebrata_odb9/ -m genome -c 16 -sp chicken
INFO	Mode is: genome
INFO	The lineage dataset is: vertebrata_odb9 (eukaryota)
INFO	Temp directory is ./tmp/
INFO	****** Phase 1 of 2, initial predictions ******
INFO	****** Step 1/3, current time: 10/15/2017 06:13:13 ******
INFO	Create blast database...
INFO	[makeblastdb]	Building a new DB, current time: 10/15/2017 06:13:13
INFO	[makeblastdb]	New DB name:   /n/holylfs/LABS/informatics/tsackton/bird_genomes/tmp/casCas.fa-vertebrata_odb9_3163001784
INFO	[makeblastdb]	New DB title:  casCas.fa
INFO	[makeblastdb]	Sequence type: Nucleotide
INFO	[makeblastdb]	Keep Linkouts: T
INFO	[makeblastdb]	Keep MBits: T
INFO	[makeblastdb]	Maximum file size: 1000000000B
INFO	[makeblastdb]	Adding sequences from FASTA; added 3257 sequences in 29.7353 seconds.
INFO	[makeblastdb]	1 of 1 task(s) completed at 10/15/2017 06:13:43
INFO	Running tblastn, writing output to /n/holylfs/LABS/informatics/tsackton/bird_genomes/run_casCas.fa-vertebrata_odb9/blast_output/tblastn_casCas.fa-vertebrata_odb9.tsv...
INFO	[tblastn]	1 of 1 task(s) completed at 10/15/2017 06:45:00
INFO	****** Step 2/3, current time: 10/15/2017 06:45:00 ******
INFO	Maximum number of candidate contig per BUSCO limited to: 3
INFO	Getting coordinates for candidate regions...
INFO	Pre-Augustus scaffold extraction...
INFO	Running Augustus prediction using chicken as species:
INFO	[augustus]	Please find all logs related to Augustus errors here: /n/holylfs/LABS/informatics/tsackton/bird_genomes/run_casCas.fa-vertebrata_odb9/augustus_output/augustus.log
INFO	[augustus]	315 of 3148 task(s) completed at 10/15/2017 06:54:56
INFO	[augustus]	630 of 3148 task(s) completed at 10/15/2017 07:03:56
INFO	[augustus]	945 of 3148 task(s) completed at 10/15/2017 07:12:25
INFO	[augustus]	1260 of 3148 task(s) completed at 10/15/2017 07:20:38
INFO	[augustus]	1575 of 3148 task(s) completed at 10/15/2017 07:29:44
INFO	[augustus]	1889 of 3148 task(s) completed at 10/15/2017 07:37:22
INFO	[augustus]	2204 of 3148 task(s) completed at 10/15/2017 07:45:43
INFO	[augustus]	2519 of 3148 task(s) completed at 10/15/2017 07:53:42
INFO	[augustus]	2834 of 3148 task(s) completed at 10/15/2017 08:01:55
INFO	[augustus]	3148 of 3148 task(s) completed at 10/15/2017 08:10:49
INFO	Extracting predicted proteins...
INFO	****** Step 3/3, current time: 10/15/2017 08:16:48 ******
INFO	Running HMMER to confirm orthology of predicted proteins:
INFO	[hmmsearch]	315 of 3144 task(s) completed at 10/15/2017 08:16:54
INFO	[hmmsearch]	629 of 3144 task(s) completed at 10/15/2017 08:16:58
INFO	[hmmsearch]	944 of 3144 task(s) completed at 10/15/2017 08:17:03
INFO	[hmmsearch]	1258 of 3144 task(s) completed at 10/15/2017 08:17:07
INFO	[hmmsearch]	1572 of 3144 task(s) completed at 10/15/2017 08:17:11
INFO	[hmmsearch]	1887 of 3144 task(s) completed at 10/15/2017 08:17:15
INFO	[hmmsearch]	2201 of 3144 task(s) completed at 10/15/2017 08:17:20
INFO	[hmmsearch]	2516 of 3144 task(s) completed at 10/15/2017 08:17:24
INFO	[hmmsearch]	2830 of 3144 task(s) completed at 10/15/2017 08:17:28
INFO	[hmmsearch]	3144 of 3144 task(s) completed at 10/15/2017 08:17:32
INFO	Results:
INFO	C:96.5%[S:96.1%,D:0.4%],F:2.3%,M:1.2%,n:2586
INFO	2496 Complete BUSCOs (C)
INFO	2485 Complete and single-copy BUSCOs (S)
INFO	11 Complete and duplicated BUSCOs (D)
INFO	59 Fragmented BUSCOs (F)
INFO	31 Missing BUSCOs (M)
INFO	2586 Total BUSCO groups searched
INFO	****** Phase 2 of 2, predictions using species specific training ******
INFO	****** Step 1/3, current time: 10/15/2017 08:17:50 ******
INFO	Extracting missing and fragmented buscos from the ancestral_variants file...
INFO	Running tblastn, writing output to /n/holylfs/LABS/informatics/tsackton/bird_genomes/run_casCas.fa-vertebrata_odb9/blast_output/tblastn_casCas.fa-vertebrata_odb9_missing_and_frag_rerun.tsv...
INFO	[tblastn]	1 of 1 task(s) completed at 10/15/2017 08:26:58
INFO	Maximum number of candidate contig per BUSCO limited to: 3
INFO	Getting coordinates for candidate regions...
INFO	****** Step 2/3, current time: 10/15/2017 08:26:58 ******
INFO	Training Augustus using Single-Copy Complete BUSCOs:
INFO	Converting predicted genes to short genbank files at 10/15/2017 08:26:58...
INFO	All files converted to short genbank files, now running the training scripts at 10/15/2017 10:18:10...
INFO	Pre-Augustus scaffold extraction...
INFO	Re-running Augustus with the new metaparameters, number of target BUSCOs: 90
INFO	[augustus]	14 of 131 task(s) completed at 10/15/2017 10:19:41
INFO	[augustus]	27 of 131 task(s) completed at 10/15/2017 10:20:06
INFO	[augustus]	40 of 131 task(s) completed at 10/15/2017 10:20:28
INFO	[augustus]	53 of 131 task(s) completed at 10/15/2017 10:20:57
INFO	[augustus]	66 of 131 task(s) completed at 10/15/2017 10:21:18
INFO	[augustus]	79 of 131 task(s) completed at 10/15/2017 10:21:58
INFO	[augustus]	92 of 131 task(s) completed at 10/15/2017 10:22:27
INFO	[augustus]	105 of 131 task(s) completed at 10/15/2017 10:22:57
INFO	[augustus]	118 of 131 task(s) completed at 10/15/2017 10:23:17
INFO	[augustus]	131 of 131 task(s) completed at 10/15/2017 10:25:08
INFO	Extracting predicted proteins...
INFO	****** Step 3/3, current time: 10/15/2017 10:25:22 ******
INFO	Running HMMER to confirm orthology of predicted proteins:
INFO	[hmmsearch]	Error: Failed to open sequence file /n/holylfs/LABS/informatics/tsackton/bird_genomes/run_casCas.fa-vertebrata_odb9/augustus_output/extracted_proteins/EOG090B0F8I.faa.1 for reading
INFO	[hmmsearch]	13 of 130 task(s) completed at 10/15/2017 10:25:22
INFO	[hmmsearch]	26 of 130 task(s) completed at 10/15/2017 10:25:22
INFO	[hmmsearch]	39 of 130 task(s) completed at 10/15/2017 10:25:23
INFO	[hmmsearch]	52 of 130 task(s) completed at 10/15/2017 10:25:23
INFO	[hmmsearch]	65 of 130 task(s) completed at 10/15/2017 10:25:23
INFO	[hmmsearch]	78 of 130 task(s) completed at 10/15/2017 10:25:23
INFO	[hmmsearch]	91 of 130 task(s) completed at 10/15/2017 10:25:23
INFO	[hmmsearch]	104 of 130 task(s) completed at 10/15/2017 10:25:23
INFO	[hmmsearch]	117 of 130 task(s) completed at 10/15/2017 10:25:24
INFO	[hmmsearch]	130 of 130 task(s) completed at 10/15/2017 10:25:24
INFO	Results:
INFO	C:97.8%[S:97.4%,D:0.4%],F:1.3%,M:0.9%,n:2586
INFO	2531 Complete BUSCOs (C)
INFO	2520 Complete and single-copy BUSCOs (S)
INFO	11 Complete and duplicated BUSCOs (D)
INFO	34 Fragmented BUSCOs (F)
INFO	21 Missing BUSCOs (M)
INFO	2586 Total BUSCO groups searched
INFO	BUSCO analysis done with WARNING(s). Total running time: 15291.649589300156 seconds
INFO	Results written in /n/holylfs/LABS/informatics/tsackton/bird_genomes/run_casCas.fa-vertebrata_odb9/

