WARNING	An augustus species is mentioned in the config file, dataset default species (human) will be ignored
INFO	****************** Start a BUSCO 3.0.2 analysis, current time: 10/15/2017 18:40:57 ******************
INFO	Configuration loaded from /n/holylfs/LABS/informatics/tsackton/bird_genomes/config.ini
INFO	Init tools...
INFO	Check dependencies...
INFO	Check input file...
INFO	To reproduce this run: python /n/sw/fasrcsw/apps/Core/BUSCO/3.0.2-fasrc01/bin/run_BUSCO.py -i cryCin.fa -o cryCin.fa-vertebrata_odb9 -l vertebrata_odb9/ -m genome -c 16 -sp chicken
INFO	Mode is: genome
INFO	The lineage dataset is: vertebrata_odb9 (eukaryota)
INFO	Temp directory is ./tmp/
INFO	****** Phase 1 of 2, initial predictions ******
INFO	****** Step 1/3, current time: 10/15/2017 18:41:36 ******
INFO	Create blast database...
INFO	[makeblastdb]	Building a new DB, current time: 10/15/2017 18:41:36
INFO	[makeblastdb]	New DB name:   /n/holylfs/LABS/informatics/tsackton/bird_genomes/tmp/cryCin.fa-vertebrata_odb9_568546493
INFO	[makeblastdb]	New DB title:  cryCin.fa
INFO	[makeblastdb]	Sequence type: Nucleotide
INFO	[makeblastdb]	Keep Linkouts: T
INFO	[makeblastdb]	Keep MBits: T
INFO	[makeblastdb]	Maximum file size: 1000000000B
INFO	[makeblastdb]	Adding sequences from FASTA; added 8285 sequences in 32.4443 seconds.
INFO	[makeblastdb]	1 of 1 task(s) completed at 10/15/2017 18:42:08
INFO	Running tblastn, writing output to /n/holylfs/LABS/informatics/tsackton/bird_genomes/run_cryCin.fa-vertebrata_odb9/blast_output/tblastn_cryCin.fa-vertebrata_odb9.tsv...
INFO	[tblastn]	1 of 1 task(s) completed at 10/15/2017 19:12:17
INFO	****** Step 2/3, current time: 10/15/2017 19:12:17 ******
INFO	Maximum number of candidate contig per BUSCO limited to: 3
INFO	Getting coordinates for candidate regions...
INFO	Pre-Augustus scaffold extraction...
INFO	Running Augustus prediction using chicken as species:
INFO	[augustus]	Please find all logs related to Augustus errors here: /n/holylfs/LABS/informatics/tsackton/bird_genomes/run_cryCin.fa-vertebrata_odb9/augustus_output/augustus.log
INFO	[augustus]	328 of 3271 task(s) completed at 10/15/2017 19:22:51
INFO	[augustus]	655 of 3271 task(s) completed at 10/15/2017 19:31:30
INFO	[augustus]	982 of 3271 task(s) completed at 10/15/2017 19:40:05
INFO	[augustus]	1309 of 3271 task(s) completed at 10/15/2017 19:49:24
INFO	[augustus]	1636 of 3271 task(s) completed at 10/15/2017 19:58:21
INFO	[augustus]	1963 of 3271 task(s) completed at 10/15/2017 20:07:10
INFO	[augustus]	2290 of 3271 task(s) completed at 10/15/2017 20:15:22
INFO	[augustus]	2617 of 3271 task(s) completed at 10/15/2017 20:23:42
INFO	[augustus]	2944 of 3271 task(s) completed at 10/15/2017 20:33:13
INFO	[augustus]	3271 of 3271 task(s) completed at 10/15/2017 20:42:31
INFO	Extracting predicted proteins...
INFO	****** Step 3/3, current time: 10/15/2017 20:48:38 ******
INFO	Running HMMER to confirm orthology of predicted proteins:
INFO	[hmmsearch]	327 of 3268 task(s) completed at 10/15/2017 20:48:43
INFO	[hmmsearch]	654 of 3268 task(s) completed at 10/15/2017 20:48:48
INFO	[hmmsearch]	981 of 3268 task(s) completed at 10/15/2017 20:48:52
INFO	[hmmsearch]	1308 of 3268 task(s) completed at 10/15/2017 20:48:57
INFO	[hmmsearch]	1635 of 3268 task(s) completed at 10/15/2017 20:49:01
INFO	[hmmsearch]	1961 of 3268 task(s) completed at 10/15/2017 20:49:05
INFO	[hmmsearch]	2288 of 3268 task(s) completed at 10/15/2017 20:49:10
INFO	[hmmsearch]	2615 of 3268 task(s) completed at 10/15/2017 20:49:14
INFO	[hmmsearch]	2942 of 3268 task(s) completed at 10/15/2017 20:49:19
INFO	[hmmsearch]	3268 of 3268 task(s) completed at 10/15/2017 20:49:23
INFO	Results:
INFO	C:95.9%[S:95.6%,D:0.3%],F:2.5%,M:1.6%,n:2586
INFO	2480 Complete BUSCOs (C)
INFO	2471 Complete and single-copy BUSCOs (S)
INFO	9 Complete and duplicated BUSCOs (D)
INFO	65 Fragmented BUSCOs (F)
INFO	41 Missing BUSCOs (M)
INFO	2586 Total BUSCO groups searched
INFO	****** Phase 2 of 2, predictions using species specific training ******
INFO	****** Step 1/3, current time: 10/15/2017 20:49:41 ******
INFO	Extracting missing and fragmented buscos from the ancestral_variants file...
INFO	Running tblastn, writing output to /n/holylfs/LABS/informatics/tsackton/bird_genomes/run_cryCin.fa-vertebrata_odb9/blast_output/tblastn_cryCin.fa-vertebrata_odb9_missing_and_frag_rerun.tsv...
INFO	[tblastn]	1 of 1 task(s) completed at 10/15/2017 21:00:57
INFO	Maximum number of candidate contig per BUSCO limited to: 3
INFO	Getting coordinates for candidate regions...
INFO	****** Step 2/3, current time: 10/15/2017 21:00:57 ******
INFO	Training Augustus using Single-Copy Complete BUSCOs:
INFO	Converting predicted genes to short genbank files at 10/15/2017 21:00:57...
INFO	All files converted to short genbank files, now running the training scripts at 10/15/2017 22:40:04...
INFO	Pre-Augustus scaffold extraction...
INFO	Re-running Augustus with the new metaparameters, number of target BUSCOs: 106
INFO	[augustus]	16 of 157 task(s) completed at 10/15/2017 22:41:30
INFO	[augustus]	32 of 157 task(s) completed at 10/15/2017 22:41:55
INFO	[augustus]	48 of 157 task(s) completed at 10/15/2017 22:42:28
INFO	[augustus]	63 of 157 task(s) completed at 10/15/2017 22:42:58
INFO	[augustus]	79 of 157 task(s) completed at 10/15/2017 22:43:30
INFO	[augustus]	95 of 157 task(s) completed at 10/15/2017 22:44:08
INFO	[augustus]	110 of 157 task(s) completed at 10/15/2017 22:44:48
INFO	[augustus]	126 of 157 task(s) completed at 10/15/2017 22:45:23
INFO	[augustus]	142 of 157 task(s) completed at 10/15/2017 22:45:59
INFO	[augustus]	157 of 157 task(s) completed at 10/15/2017 22:48:12
INFO	Extracting predicted proteins...
INFO	****** Step 3/3, current time: 10/15/2017 22:48:29 ******
INFO	Running HMMER to confirm orthology of predicted proteins:
INFO	[hmmsearch]	16 of 157 task(s) completed at 10/15/2017 22:48:29
INFO	[hmmsearch]	32 of 157 task(s) completed at 10/15/2017 22:48:29
INFO	[hmmsearch]	48 of 157 task(s) completed at 10/15/2017 22:48:29
INFO	[hmmsearch]	63 of 157 task(s) completed at 10/15/2017 22:48:29
INFO	[hmmsearch]	79 of 157 task(s) completed at 10/15/2017 22:48:30
INFO	[hmmsearch]	95 of 157 task(s) completed at 10/15/2017 22:48:30
INFO	[hmmsearch]	110 of 157 task(s) completed at 10/15/2017 22:48:30
INFO	[hmmsearch]	126 of 157 task(s) completed at 10/15/2017 22:48:30
INFO	[hmmsearch]	142 of 157 task(s) completed at 10/15/2017 22:48:31
INFO	[hmmsearch]	157 of 157 task(s) completed at 10/15/2017 22:48:31
INFO	Results:
INFO	C:97.2%[S:96.9%,D:0.3%],F:1.4%,M:1.4%,n:2586
INFO	2516 Complete BUSCOs (C)
INFO	2507 Complete and single-copy BUSCOs (S)
INFO	9 Complete and duplicated BUSCOs (D)
INFO	37 Fragmented BUSCOs (F)
INFO	33 Missing BUSCOs (M)
INFO	2586 Total BUSCO groups searched
INFO	BUSCO analysis done with WARNING(s). Total running time: 14975.218710184097 seconds
INFO	Results written in /n/holylfs/LABS/informatics/tsackton/bird_genomes/run_cryCin.fa-vertebrata_odb9/

