WARNING	An augustus species is mentioned in the config file, dataset default species (human) will be ignored
INFO	****************** Start a BUSCO 3.0.2 analysis, current time: 10/12/2017 19:21:28 ******************
INFO	Configuration loaded from /n/holylfs/LABS/informatics/tsackton/bird_genomes/config.ini
INFO	Init tools...
INFO	Check dependencies...
INFO	Check input file...
INFO	To reproduce this run: python /n/sw/fasrcsw/apps/Core/BUSCO/3.0.2-fasrc01/bin/run_BUSCO.py -i droNov.genome.all.maker.proteins.fasta -o droNov.genome.all.maker.proteins.fasta-vertebrata_odb9 -l vertebrata_odb9/ -m proteins -c 16
INFO	Mode is: proteins
INFO	The lineage dataset is: vertebrata_odb9 (eukaryota)
INFO	Temp directory is ./tmp/
INFO	Running HMMER on the proteins:
INFO	[hmmsearch]	259 of 2586 task(s) completed at 10/12/2017 19:22:48
INFO	[hmmsearch]	518 of 2586 task(s) completed at 10/12/2017 19:23:34
INFO	[hmmsearch]	776 of 2586 task(s) completed at 10/12/2017 19:24:07
INFO	[hmmsearch]	1035 of 2586 task(s) completed at 10/12/2017 19:24:31
INFO	[hmmsearch]	1294 of 2586 task(s) completed at 10/12/2017 19:24:51
INFO	[hmmsearch]	1552 of 2586 task(s) completed at 10/12/2017 19:25:07
INFO	[hmmsearch]	1811 of 2586 task(s) completed at 10/12/2017 19:25:22
INFO	[hmmsearch]	2069 of 2586 task(s) completed at 10/12/2017 19:25:34
INFO	[hmmsearch]	2328 of 2586 task(s) completed at 10/12/2017 19:25:44
INFO	[hmmsearch]	2586 of 2586 task(s) completed at 10/12/2017 19:26:00
INFO	Results:
INFO	C:96.1%[S:70.0%,D:26.1%],F:3.1%,M:0.8%,n:2586
INFO	2485 Complete BUSCOs (C)
INFO	1809 Complete and single-copy BUSCOs (S)
INFO	676 Complete and duplicated BUSCOs (D)
INFO	79 Fragmented BUSCOs (F)
INFO	22 Missing BUSCOs (M)
INFO	2586 Total BUSCO groups searched
INFO	BUSCO analysis done with WARNING(s). Total running time: 288.62347412109375 seconds
INFO	Results written in /n/holylfs/LABS/informatics/tsackton/bird_genomes/run_droNov.genome.all.maker.proteins.fasta-vertebrata_odb9/

