WARNING	An augustus species is mentioned in the config file, dataset default species (human) will be ignored
INFO	****************** Start a BUSCO 3.0.2 analysis, current time: 10/16/2017 06:59:32 ******************
INFO	Configuration loaded from /n/holylfs/LABS/informatics/tsackton/bird_genomes/config.ini
INFO	Init tools...
INFO	Check dependencies...
INFO	Check input file...
INFO	To reproduce this run: python /n/sw/fasrcsw/apps/Core/BUSCO/3.0.2-fasrc01/bin/run_BUSCO.py -i droNov.fa -o droNov.fa-vertebrata_odb9 -l vertebrata_odb9/ -m genome -c 16 -sp chicken
INFO	Mode is: genome
INFO	The lineage dataset is: vertebrata_odb9 (eukaryota)
INFO	Temp directory is ./tmp/
INFO	****** Phase 1 of 2, initial predictions ******
INFO	****** Step 1/3, current time: 10/16/2017 07:00:14 ******
INFO	Create blast database...
INFO	[makeblastdb]	Building a new DB, current time: 10/16/2017 07:00:14
INFO	[makeblastdb]	New DB name:   /n/holylfs/LABS/informatics/tsackton/bird_genomes/tmp/droNov.fa-vertebrata_odb9_3615694008
INFO	[makeblastdb]	New DB title:  droNov.fa
INFO	[makeblastdb]	Sequence type: Nucleotide
INFO	[makeblastdb]	Keep Linkouts: T
INFO	[makeblastdb]	Keep MBits: T
INFO	[makeblastdb]	Maximum file size: 1000000000B
INFO	[makeblastdb]	Adding sequences from FASTA; added 2882 sequences in 32.4848 seconds.
INFO	[makeblastdb]	1 of 1 task(s) completed at 10/16/2017 07:00:47
INFO	Running tblastn, writing output to /n/holylfs/LABS/informatics/tsackton/bird_genomes/run_droNov.fa-vertebrata_odb9/blast_output/tblastn_droNov.fa-vertebrata_odb9.tsv...
INFO	[tblastn]	1 of 1 task(s) completed at 10/16/2017 07:31:47
INFO	****** Step 2/3, current time: 10/16/2017 07:31:47 ******
INFO	Maximum number of candidate contig per BUSCO limited to: 3
INFO	Getting coordinates for candidate regions...
INFO	Pre-Augustus scaffold extraction...
INFO	Running Augustus prediction using chicken as species:
INFO	[augustus]	Please find all logs related to Augustus errors here: /n/holylfs/LABS/informatics/tsackton/bird_genomes/run_droNov.fa-vertebrata_odb9/augustus_output/augustus.log
INFO	[augustus]	313 of 3128 task(s) completed at 10/16/2017 07:41:56
INFO	[augustus]	626 of 3128 task(s) completed at 10/16/2017 07:50:25
INFO	[augustus]	939 of 3128 task(s) completed at 10/16/2017 08:00:17
INFO	[augustus]	1252 of 3128 task(s) completed at 10/16/2017 08:10:33
INFO	[augustus]	1565 of 3128 task(s) completed at 10/16/2017 08:20:22
INFO	[augustus]	1877 of 3128 task(s) completed at 10/16/2017 08:28:01
INFO	[augustus]	2190 of 3128 task(s) completed at 10/16/2017 08:36:08
INFO	[augustus]	2503 of 3128 task(s) completed at 10/16/2017 08:44:31
INFO	[augustus]	2816 of 3128 task(s) completed at 10/16/2017 08:53:14
INFO	[augustus]	3128 of 3128 task(s) completed at 10/16/2017 09:04:41
INFO	Extracting predicted proteins...
INFO	****** Step 3/3, current time: 10/16/2017 09:10:24 ******
INFO	Running HMMER to confirm orthology of predicted proteins:
INFO	[hmmsearch]	313 of 3122 task(s) completed at 10/16/2017 09:10:29
INFO	[hmmsearch]	625 of 3122 task(s) completed at 10/16/2017 09:10:34
INFO	[hmmsearch]	937 of 3122 task(s) completed at 10/16/2017 09:10:38
INFO	[hmmsearch]	1249 of 3122 task(s) completed at 10/16/2017 09:10:42
INFO	[hmmsearch]	1561 of 3122 task(s) completed at 10/16/2017 09:10:46
INFO	[hmmsearch]	1874 of 3122 task(s) completed at 10/16/2017 09:10:50
INFO	[hmmsearch]	2186 of 3122 task(s) completed at 10/16/2017 09:10:55
INFO	[hmmsearch]	2498 of 3122 task(s) completed at 10/16/2017 09:10:59
INFO	[hmmsearch]	2810 of 3122 task(s) completed at 10/16/2017 09:11:03
INFO	[hmmsearch]	3122 of 3122 task(s) completed at 10/16/2017 09:11:07
INFO	Results:
INFO	C:95.9%[S:95.7%,D:0.2%],F:2.7%,M:1.4%,n:2586
INFO	2480 Complete BUSCOs (C)
INFO	2474 Complete and single-copy BUSCOs (S)
INFO	6 Complete and duplicated BUSCOs (D)
INFO	71 Fragmented BUSCOs (F)
INFO	35 Missing BUSCOs (M)
INFO	2586 Total BUSCO groups searched
INFO	****** Phase 2 of 2, predictions using species specific training ******
INFO	****** Step 1/3, current time: 10/16/2017 09:11:25 ******
INFO	Extracting missing and fragmented buscos from the ancestral_variants file...
INFO	Running tblastn, writing output to /n/holylfs/LABS/informatics/tsackton/bird_genomes/run_droNov.fa-vertebrata_odb9/blast_output/tblastn_droNov.fa-vertebrata_odb9_missing_and_frag_rerun.tsv...
INFO	[tblastn]	1 of 1 task(s) completed at 10/16/2017 09:22:18
INFO	Maximum number of candidate contig per BUSCO limited to: 3
INFO	Getting coordinates for candidate regions...
INFO	****** Step 2/3, current time: 10/16/2017 09:22:19 ******
INFO	Training Augustus using Single-Copy Complete BUSCOs:
INFO	Converting predicted genes to short genbank files at 10/16/2017 09:22:19...
INFO	All files converted to short genbank files, now running the training scripts at 10/16/2017 11:06:47...
INFO	Pre-Augustus scaffold extraction...
INFO	Re-running Augustus with the new metaparameters, number of target BUSCOs: 106
INFO	[augustus]	15 of 143 task(s) completed at 10/16/2017 11:08:19
INFO	[augustus]	29 of 143 task(s) completed at 10/16/2017 11:08:43
INFO	[augustus]	43 of 143 task(s) completed at 10/16/2017 11:09:04
INFO	[augustus]	58 of 143 task(s) completed at 10/16/2017 11:09:41
INFO	[augustus]	72 of 143 task(s) completed at 10/16/2017 11:10:11
INFO	[augustus]	86 of 143 task(s) completed at 10/16/2017 11:10:44
INFO	[augustus]	101 of 143 task(s) completed at 10/16/2017 11:11:16
INFO	[augustus]	115 of 143 task(s) completed at 10/16/2017 11:11:46
INFO	[augustus]	129 of 143 task(s) completed at 10/16/2017 11:12:15
INFO	[augustus]	143 of 143 task(s) completed at 10/16/2017 11:15:53
INFO	Extracting predicted proteins...
INFO	****** Step 3/3, current time: 10/16/2017 11:16:08 ******
INFO	Running HMMER to confirm orthology of predicted proteins:
INFO	[hmmsearch]	15 of 141 task(s) completed at 10/16/2017 11:16:08
INFO	[hmmsearch]	29 of 141 task(s) completed at 10/16/2017 11:16:08
INFO	[hmmsearch]	43 of 141 task(s) completed at 10/16/2017 11:16:08
INFO	[hmmsearch]	57 of 141 task(s) completed at 10/16/2017 11:16:09
INFO	[hmmsearch]	71 of 141 task(s) completed at 10/16/2017 11:16:09
INFO	[hmmsearch]	85 of 141 task(s) completed at 10/16/2017 11:16:09
INFO	[hmmsearch]	99 of 141 task(s) completed at 10/16/2017 11:16:09
INFO	[hmmsearch]	113 of 141 task(s) completed at 10/16/2017 11:16:09
INFO	[hmmsearch]	127 of 141 task(s) completed at 10/16/2017 11:16:09
INFO	[hmmsearch]	141 of 141 task(s) completed at 10/16/2017 11:16:10
INFO	Results:
INFO	C:97.7%[S:97.5%,D:0.2%],F:1.4%,M:0.9%,n:2586
INFO	2528 Complete BUSCOs (C)
INFO	2522 Complete and single-copy BUSCOs (S)
INFO	6 Complete and duplicated BUSCOs (D)
INFO	37 Fragmented BUSCOs (F)
INFO	21 Missing BUSCOs (M)
INFO	2586 Total BUSCO groups searched
INFO	BUSCO analysis done with WARNING(s). Total running time: 15513.15862250328 seconds
INFO	Results written in /n/holylfs/LABS/informatics/tsackton/bird_genomes/run_droNov.fa-vertebrata_odb9/

