WARNING	An augustus species is mentioned in the config file, dataset default species (human) will be ignored
INFO	****************** Start a BUSCO 3.0.2 analysis, current time: 10/12/2017 19:13:22 ******************
INFO	Configuration loaded from /n/holylfs/LABS/informatics/tsackton/bird_genomes/config.ini
INFO	Init tools...
INFO	Check dependencies...
INFO	Check input file...
INFO	To reproduce this run: python /n/sw/fasrcsw/apps/Core/BUSCO/3.0.2-fasrc01/bin/run_BUSCO.py -i droNov.genome.all.maker.proteins.fasta -o droNov.genome.all.maker.proteins.fasta-aves_odb9 -l aves_odb9/ -m proteins -c 16
INFO	Mode is: proteins
INFO	The lineage dataset is: aves_odb9 (eukaryota)
INFO	Temp directory is ./tmp/
INFO	Running HMMER on the proteins:
INFO	[hmmsearch]	492 of 4915 task(s) completed at 10/12/2017 19:15:44
INFO	[hmmsearch]	983 of 4915 task(s) completed at 10/12/2017 19:16:55
INFO	[hmmsearch]	1475 of 4915 task(s) completed at 10/12/2017 19:17:46
INFO	[hmmsearch]	1966 of 4915 task(s) completed at 10/12/2017 19:18:24
INFO	[hmmsearch]	2458 of 4915 task(s) completed at 10/12/2017 19:18:57
INFO	[hmmsearch]	2949 of 4915 task(s) completed at 10/12/2017 19:19:31
INFO	[hmmsearch]	3441 of 4915 task(s) completed at 10/12/2017 19:19:56
INFO	[hmmsearch]	3932 of 4915 task(s) completed at 10/12/2017 19:20:20
INFO	[hmmsearch]	4424 of 4915 task(s) completed at 10/12/2017 19:20:40
INFO	[hmmsearch]	4915 of 4915 task(s) completed at 10/12/2017 19:20:55
INFO	Results:
INFO	C:93.0%[S:68.9%,D:24.1%],F:4.3%,M:2.7%,n:4915
INFO	4570 Complete BUSCOs (C)
INFO	3386 Complete and single-copy BUSCOs (S)
INFO	1184 Complete and duplicated BUSCOs (D)
INFO	212 Fragmented BUSCOs (F)
INFO	133 Missing BUSCOs (M)
INFO	4915 Total BUSCO groups searched
INFO	BUSCO analysis done with WARNING(s). Total running time: 486.13281631469727 seconds
INFO	Results written in /n/holylfs/LABS/informatics/tsackton/bird_genomes/run_droNov.genome.all.maker.proteins.fasta-aves_odb9/

