WARNING	An augustus species is mentioned in the config file, dataset default species (human) will be ignored
INFO	****************** Start a BUSCO 3.0.2 analysis, current time: 10/21/2017 12:04:26 ******************
INFO	Configuration loaded from /n/holylfs/LABS/informatics/tsackton/bird_genomes/config.ini
INFO	Init tools...
INFO	Check dependencies...
INFO	Check input file...
INFO	To reproduce this run: python /n/sw/fasrcsw/apps/Core/BUSCO/3.0.2-fasrc01/bin/run_BUSCO.py -i rheAme.fa -o rheAme.fa-aves_odb9 -l aves_odb9/ -m genome -c 16 -sp chicken
INFO	Mode is: genome
INFO	The lineage dataset is: aves_odb9 (eukaryota)
INFO	Temp directory is ./tmp/
INFO	****** Phase 1 of 2, initial predictions ******
INFO	****** Step 1/3, current time: 10/21/2017 12:05:08 ******
INFO	Create blast database...
INFO	[makeblastdb]	Building a new DB, current time: 10/21/2017 12:05:08
INFO	[makeblastdb]	New DB name:   /n/holylfs/LABS/informatics/tsackton/bird_genomes/tmp/rheAme.fa-aves_odb9_2622467879
INFO	[makeblastdb]	New DB title:  rheAme.fa
INFO	[makeblastdb]	Sequence type: Nucleotide
INFO	[makeblastdb]	Keep Linkouts: T
INFO	[makeblastdb]	Keep MBits: T
INFO	[makeblastdb]	Maximum file size: 1000000000B
INFO	[makeblastdb]	Adding sequences from FASTA; added 2230 sequences in 40.4663 seconds.
INFO	[makeblastdb]	1 of 1 task(s) completed at 10/21/2017 12:05:49
INFO	Running tblastn, writing output to /n/holylfs/LABS/informatics/tsackton/bird_genomes/run_rheAme.fa-aves_odb9/blast_output/tblastn_rheAme.fa-aves_odb9.tsv...
INFO	[tblastn]	1 of 1 task(s) completed at 10/21/2017 13:05:50
INFO	****** Step 2/3, current time: 10/21/2017 13:05:50 ******
INFO	Maximum number of candidate contig per BUSCO limited to: 3
INFO	Getting coordinates for candidate regions...
INFO	Pre-Augustus scaffold extraction...
INFO	Running Augustus prediction using chicken as species:
INFO	[augustus]	Please find all logs related to Augustus errors here: /n/holylfs/LABS/informatics/tsackton/bird_genomes/run_rheAme.fa-aves_odb9/augustus_output/augustus.log
INFO	[augustus]	695 of 6941 task(s) completed at 10/21/2017 13:24:43
INFO	[augustus]	1389 of 6941 task(s) completed at 10/21/2017 13:43:09
INFO	[augustus]	2083 of 6941 task(s) completed at 10/21/2017 13:59:49
INFO	[augustus]	2777 of 6941 task(s) completed at 10/21/2017 14:16:41
INFO	[augustus]	3471 of 6941 task(s) completed at 10/21/2017 14:32:41
INFO	[augustus]	4165 of 6941 task(s) completed at 10/21/2017 14:49:14
INFO	[augustus]	4859 of 6941 task(s) completed at 10/21/2017 15:05:49
INFO	[augustus]	5553 of 6941 task(s) completed at 10/21/2017 15:21:23
INFO	[augustus]	6247 of 6941 task(s) completed at 10/21/2017 15:38:02
INFO	[augustus]	6941 of 6941 task(s) completed at 10/21/2017 15:55:59
INFO	Extracting predicted proteins...
INFO	****** Step 3/3, current time: 10/21/2017 16:09:04 ******
INFO	Running HMMER to confirm orthology of predicted proteins:
INFO	[hmmsearch]	693 of 6921 task(s) completed at 10/21/2017 16:09:15
INFO	[hmmsearch]	1385 of 6921 task(s) completed at 10/21/2017 16:09:25
INFO	[hmmsearch]	2077 of 6921 task(s) completed at 10/21/2017 16:09:34
INFO	[hmmsearch]	2769 of 6921 task(s) completed at 10/21/2017 16:09:43
INFO	[hmmsearch]	3461 of 6921 task(s) completed at 10/21/2017 16:09:52
INFO	[hmmsearch]	4153 of 6921 task(s) completed at 10/21/2017 16:10:01
INFO	[hmmsearch]	4845 of 6921 task(s) completed at 10/21/2017 16:10:10
INFO	[hmmsearch]	5537 of 6921 task(s) completed at 10/21/2017 16:10:19
INFO	[hmmsearch]	6229 of 6921 task(s) completed at 10/21/2017 16:10:28
INFO	[hmmsearch]	6921 of 6921 task(s) completed at 10/21/2017 16:10:38
INFO	Results:
INFO	C:91.4%[S:90.3%,D:1.1%],F:5.5%,M:3.1%,n:4915
INFO	4493 Complete BUSCOs (C)
INFO	4438 Complete and single-copy BUSCOs (S)
INFO	55 Complete and duplicated BUSCOs (D)
INFO	271 Fragmented BUSCOs (F)
INFO	151 Missing BUSCOs (M)
INFO	4915 Total BUSCO groups searched
INFO	****** Phase 2 of 2, predictions using species specific training ******
INFO	****** Step 1/3, current time: 10/21/2017 16:11:16 ******
INFO	Extracting missing and fragmented buscos from the ancestral_variants file...
INFO	Running tblastn, writing output to /n/holylfs/LABS/informatics/tsackton/bird_genomes/run_rheAme.fa-aves_odb9/blast_output/tblastn_rheAme.fa-aves_odb9_missing_and_frag_rerun.tsv...
INFO	[tblastn]	1 of 1 task(s) completed at 10/21/2017 16:51:00
INFO	Maximum number of candidate contig per BUSCO limited to: 3
INFO	Getting coordinates for candidate regions...
INFO	****** Step 2/3, current time: 10/21/2017 16:51:01 ******
INFO	Training Augustus using Single-Copy Complete BUSCOs:
INFO	Converting predicted genes to short genbank files at 10/21/2017 16:51:01...
INFO	All files converted to short genbank files, now running the training scripts at 10/21/2017 19:55:45...
INFO	Pre-Augustus scaffold extraction...
INFO	Re-running Augustus with the new metaparameters, number of target BUSCOs: 422
INFO	[augustus]	66 of 651 task(s) completed at 10/21/2017 19:58:45
INFO	[augustus]	131 of 651 task(s) completed at 10/21/2017 20:00:35
INFO	[augustus]	196 of 651 task(s) completed at 10/21/2017 20:02:18
INFO	[augustus]	261 of 651 task(s) completed at 10/21/2017 20:03:42
INFO	[augustus]	326 of 651 task(s) completed at 10/21/2017 20:05:34
INFO	[augustus]	391 of 651 task(s) completed at 10/21/2017 20:07:18
INFO	[augustus]	456 of 651 task(s) completed at 10/21/2017 20:08:54
INFO	[augustus]	521 of 651 task(s) completed at 10/21/2017 20:10:24
INFO	[augustus]	586 of 651 task(s) completed at 10/21/2017 20:12:09
INFO	[augustus]	651 of 651 task(s) completed at 10/21/2017 20:17:33
INFO	Extracting predicted proteins...
INFO	****** Step 3/3, current time: 10/21/2017 20:18:41 ******
INFO	Running HMMER to confirm orthology of predicted proteins:
INFO	[hmmsearch]	65 of 645 task(s) completed at 10/21/2017 20:18:42
INFO	[hmmsearch]	129 of 645 task(s) completed at 10/21/2017 20:18:43
INFO	[hmmsearch]	194 of 645 task(s) completed at 10/21/2017 20:18:44
INFO	[hmmsearch]	258 of 645 task(s) completed at 10/21/2017 20:18:45
INFO	[hmmsearch]	323 of 645 task(s) completed at 10/21/2017 20:18:46
INFO	[hmmsearch]	387 of 645 task(s) completed at 10/21/2017 20:18:46
INFO	[hmmsearch]	452 of 645 task(s) completed at 10/21/2017 20:18:47
INFO	[hmmsearch]	516 of 645 task(s) completed at 10/21/2017 20:18:48
INFO	[hmmsearch]	581 of 645 task(s) completed at 10/21/2017 20:18:49
INFO	[hmmsearch]	645 of 645 task(s) completed at 10/21/2017 20:18:50
INFO	Results:
INFO	C:94.0%[S:92.9%,D:1.1%],F:3.9%,M:2.1%,n:4915
INFO	4619 Complete BUSCOs (C)
INFO	4564 Complete and single-copy BUSCOs (S)
INFO	55 Complete and duplicated BUSCOs (D)
INFO	192 Fragmented BUSCOs (F)
INFO	104 Missing BUSCOs (M)
INFO	4915 Total BUSCO groups searched
INFO	BUSCO analysis done with WARNING(s). Total running time: 29882.718212127686 seconds
INFO	Results written in /n/holylfs/LABS/informatics/tsackton/bird_genomes/run_rheAme.fa-aves_odb9/

