WARNING	An augustus species is mentioned in the config file, dataset default species (human) will be ignored
INFO	****************** Start a BUSCO 3.0.2 analysis, current time: 10/22/2017 00:39:02 ******************
INFO	Configuration loaded from /n/holylfs/LABS/informatics/tsackton/bird_genomes/config.ini
INFO	Init tools...
INFO	Check dependencies...
INFO	Check input file...
INFO	To reproduce this run: python /n/sw/fasrcsw/apps/Core/BUSCO/3.0.2-fasrc01/bin/run_BUSCO.py -i rhePen.fa -o rhePen.fa-aves_odb9 -l aves_odb9/ -m genome -c 16 -sp chicken
INFO	Mode is: genome
INFO	The lineage dataset is: aves_odb9 (eukaryota)
INFO	Temp directory is ./tmp/
INFO	****** Phase 1 of 2, initial predictions ******
INFO	****** Step 1/3, current time: 10/22/2017 00:39:45 ******
INFO	Create blast database...
INFO	[makeblastdb]	Building a new DB, current time: 10/22/2017 00:39:45
INFO	[makeblastdb]	New DB name:   /n/holylfs/LABS/informatics/tsackton/bird_genomes/tmp/rhePen.fa-aves_odb9_1068709881
INFO	[makeblastdb]	New DB title:  rhePen.fa
INFO	[makeblastdb]	Sequence type: Nucleotide
INFO	[makeblastdb]	Keep Linkouts: T
INFO	[makeblastdb]	Keep MBits: T
INFO	[makeblastdb]	Maximum file size: 1000000000B
INFO	[makeblastdb]	Adding sequences from FASTA; added 3096 sequences in 31.1874 seconds.
INFO	[makeblastdb]	1 of 1 task(s) completed at 10/22/2017 00:40:17
INFO	Running tblastn, writing output to /n/holylfs/LABS/informatics/tsackton/bird_genomes/run_rhePen.fa-aves_odb9/blast_output/tblastn_rhePen.fa-aves_odb9.tsv...
INFO	[tblastn]	1 of 1 task(s) completed at 10/22/2017 01:40:13
INFO	****** Step 2/3, current time: 10/22/2017 01:40:13 ******
INFO	Maximum number of candidate contig per BUSCO limited to: 3
INFO	Getting coordinates for candidate regions...
INFO	Pre-Augustus scaffold extraction...
INFO	Running Augustus prediction using chicken as species:
INFO	[augustus]	Please find all logs related to Augustus errors here: /n/holylfs/LABS/informatics/tsackton/bird_genomes/run_rhePen.fa-aves_odb9/augustus_output/augustus.log
INFO	[augustus]	745 of 7446 task(s) completed at 10/22/2017 01:59:54
INFO	[augustus]	1490 of 7446 task(s) completed at 10/22/2017 02:16:57
INFO	[augustus]	2234 of 7446 task(s) completed at 10/22/2017 02:34:12
INFO	[augustus]	2979 of 7446 task(s) completed at 10/22/2017 02:52:28
INFO	[augustus]	3724 of 7446 task(s) completed at 10/22/2017 03:10:54
INFO	[augustus]	4468 of 7446 task(s) completed at 10/22/2017 03:26:28
INFO	[augustus]	5213 of 7446 task(s) completed at 10/22/2017 03:42:25
INFO	[augustus]	5957 of 7446 task(s) completed at 10/22/2017 03:57:07
INFO	[augustus]	6702 of 7446 task(s) completed at 10/22/2017 04:13:09
INFO	[augustus]	7446 of 7446 task(s) completed at 10/22/2017 04:27:52
INFO	Extracting predicted proteins...
INFO	****** Step 3/3, current time: 10/22/2017 04:41:54 ******
INFO	Running HMMER to confirm orthology of predicted proteins:
INFO	[hmmsearch]	743 of 7426 task(s) completed at 10/22/2017 04:42:07
INFO	[hmmsearch]	1486 of 7426 task(s) completed at 10/22/2017 04:42:17
INFO	[hmmsearch]	2228 of 7426 task(s) completed at 10/22/2017 04:42:26
INFO	[hmmsearch]	2971 of 7426 task(s) completed at 10/22/2017 04:42:36
INFO	[hmmsearch]	3714 of 7426 task(s) completed at 10/22/2017 04:42:46
INFO	[hmmsearch]	4456 of 7426 task(s) completed at 10/22/2017 04:42:56
INFO	[hmmsearch]	5199 of 7426 task(s) completed at 10/22/2017 04:43:05
INFO	[hmmsearch]	5941 of 7426 task(s) completed at 10/22/2017 04:43:15
INFO	[hmmsearch]	6684 of 7426 task(s) completed at 10/22/2017 04:43:25
INFO	[hmmsearch]	7426 of 7426 task(s) completed at 10/22/2017 04:43:35
INFO	Results:
INFO	C:89.6%[S:88.3%,D:1.3%],F:5.3%,M:5.1%,n:4915
INFO	4406 Complete BUSCOs (C)
INFO	4342 Complete and single-copy BUSCOs (S)
INFO	64 Complete and duplicated BUSCOs (D)
INFO	262 Fragmented BUSCOs (F)
INFO	247 Missing BUSCOs (M)
INFO	4915 Total BUSCO groups searched
INFO	****** Phase 2 of 2, predictions using species specific training ******
INFO	****** Step 1/3, current time: 10/22/2017 04:44:16 ******
INFO	Extracting missing and fragmented buscos from the ancestral_variants file...
INFO	Running tblastn, writing output to /n/holylfs/LABS/informatics/tsackton/bird_genomes/run_rhePen.fa-aves_odb9/blast_output/tblastn_rhePen.fa-aves_odb9_missing_and_frag_rerun.tsv...
INFO	[tblastn]	1 of 1 task(s) completed at 10/22/2017 05:33:00
INFO	Maximum number of candidate contig per BUSCO limited to: 3
INFO	Getting coordinates for candidate regions...
INFO	****** Step 2/3, current time: 10/22/2017 05:33:03 ******
INFO	Training Augustus using Single-Copy Complete BUSCOs:
INFO	Converting predicted genes to short genbank files at 10/22/2017 05:33:03...
INFO	All files converted to short genbank files, now running the training scripts at 10/22/2017 08:33:57...
INFO	Pre-Augustus scaffold extraction...
INFO	Re-running Augustus with the new metaparameters, number of target BUSCOs: 509
INFO	[augustus]	94 of 940 task(s) completed at 10/22/2017 08:37:21
INFO	[augustus]	188 of 940 task(s) completed at 10/22/2017 08:39:27
INFO	[augustus]	282 of 940 task(s) completed at 10/22/2017 08:41:38
INFO	[augustus]	376 of 940 task(s) completed at 10/22/2017 08:43:24
INFO	[augustus]	470 of 940 task(s) completed at 10/22/2017 08:45:23
INFO	[augustus]	564 of 940 task(s) completed at 10/22/2017 08:47:58
INFO	[augustus]	658 of 940 task(s) completed at 10/22/2017 08:50:34
INFO	[augustus]	752 of 940 task(s) completed at 10/22/2017 08:53:00
INFO	[augustus]	846 of 940 task(s) completed at 10/22/2017 08:55:30
INFO	[augustus]	940 of 940 task(s) completed at 10/22/2017 08:58:21
INFO	Extracting predicted proteins...
INFO	****** Step 3/3, current time: 10/22/2017 09:00:07 ******
INFO	Running HMMER to confirm orthology of predicted proteins:
INFO	[hmmsearch]	94 of 933 task(s) completed at 10/22/2017 09:00:09
INFO	[hmmsearch]	187 of 933 task(s) completed at 10/22/2017 09:00:10
INFO	[hmmsearch]	280 of 933 task(s) completed at 10/22/2017 09:00:11
INFO	[hmmsearch]	374 of 933 task(s) completed at 10/22/2017 09:00:12
INFO	[hmmsearch]	467 of 933 task(s) completed at 10/22/2017 09:00:13
INFO	[hmmsearch]	560 of 933 task(s) completed at 10/22/2017 09:00:15
INFO	[hmmsearch]	654 of 933 task(s) completed at 10/22/2017 09:00:16
INFO	[hmmsearch]	747 of 933 task(s) completed at 10/22/2017 09:00:17
INFO	[hmmsearch]	840 of 933 task(s) completed at 10/22/2017 09:00:18
INFO	[hmmsearch]	933 of 933 task(s) completed at 10/22/2017 09:00:20
INFO	Results:
INFO	C:92.4%[S:91.1%,D:1.3%],F:3.5%,M:4.1%,n:4915
INFO	4540 Complete BUSCOs (C)
INFO	4476 Complete and single-copy BUSCOs (S)
INFO	64 Complete and duplicated BUSCOs (D)
INFO	171 Fragmented BUSCOs (F)
INFO	204 Missing BUSCOs (M)
INFO	4915 Total BUSCO groups searched
INFO	BUSCO analysis done with WARNING(s). Total running time: 30407.178072452545 seconds
INFO	Results written in /n/holylfs/LABS/informatics/tsackton/bird_genomes/run_rhePen.fa-aves_odb9/

