WARNING	An augustus species is mentioned in the config file, dataset default species (human) will be ignored
INFO	****************** Start a BUSCO 3.0.2 analysis, current time: 10/12/2017 20:03:48 ******************
INFO	Configuration loaded from /n/holylfs/LABS/informatics/tsackton/bird_genomes/config.ini
INFO	Init tools...
INFO	Check dependencies...
INFO	Check input file...
INFO	To reproduce this run: python /n/sw/fasrcsw/apps/Core/BUSCO/3.0.2-fasrc01/bin/run_BUSCO.py -i rhePen.genome.all.maker.proteins.fasta -o rhePen.genome.all.maker.proteins.fasta-vertebrata_odb9 -l vertebrata_odb9/ -m proteins -c 16
INFO	Mode is: proteins
INFO	The lineage dataset is: vertebrata_odb9 (eukaryota)
INFO	Temp directory is ./tmp/
INFO	Running HMMER on the proteins:
INFO	[hmmsearch]	259 of 2586 task(s) completed at 10/12/2017 20:04:45
INFO	[hmmsearch]	518 of 2586 task(s) completed at 10/12/2017 20:05:18
INFO	[hmmsearch]	776 of 2586 task(s) completed at 10/12/2017 20:05:42
INFO	[hmmsearch]	1035 of 2586 task(s) completed at 10/12/2017 20:06:00
INFO	[hmmsearch]	1294 of 2586 task(s) completed at 10/12/2017 20:06:14
INFO	[hmmsearch]	1552 of 2586 task(s) completed at 10/12/2017 20:06:26
INFO	[hmmsearch]	1811 of 2586 task(s) completed at 10/12/2017 20:06:38
INFO	[hmmsearch]	2069 of 2586 task(s) completed at 10/12/2017 20:06:47
INFO	[hmmsearch]	2328 of 2586 task(s) completed at 10/12/2017 20:06:54
INFO	[hmmsearch]	2586 of 2586 task(s) completed at 10/12/2017 20:07:05
INFO	Results:
INFO	C:93.8%[S:92.8%,D:1.0%],F:5.4%,M:0.8%,n:2586
INFO	2427 Complete BUSCOs (C)
INFO	2400 Complete and single-copy BUSCOs (S)
INFO	27 Complete and duplicated BUSCOs (D)
INFO	140 Fragmented BUSCOs (F)
INFO	19 Missing BUSCOs (M)
INFO	2586 Total BUSCO groups searched
INFO	BUSCO analysis done with WARNING(s). Total running time: 213.7817907333374 seconds
INFO	Results written in /n/holylfs/LABS/informatics/tsackton/bird_genomes/run_rhePen.genome.all.maker.proteins.fasta-vertebrata_odb9/

