WARNING	An augustus species is mentioned in the config file, dataset default species (human) will be ignored
INFO	****************** Start a BUSCO 3.0.2 analysis, current time: 10/12/2017 19:57:39 ******************
INFO	Configuration loaded from /n/holylfs/LABS/informatics/tsackton/bird_genomes/config.ini
INFO	Init tools...
INFO	Check dependencies...
INFO	Check input file...
INFO	To reproduce this run: python /n/sw/fasrcsw/apps/Core/BUSCO/3.0.2-fasrc01/bin/run_BUSCO.py -i rhePen.genome.all.maker.proteins.fasta -o rhePen.genome.all.maker.proteins.fasta-aves_odb9 -l aves_odb9/ -m proteins -c 16
INFO	Mode is: proteins
INFO	The lineage dataset is: aves_odb9 (eukaryota)
INFO	Temp directory is ./tmp/
INFO	Running HMMER on the proteins:
INFO	[hmmsearch]	492 of 4915 task(s) completed at 10/12/2017 19:59:21
INFO	[hmmsearch]	983 of 4915 task(s) completed at 10/12/2017 20:00:13
INFO	[hmmsearch]	1475 of 4915 task(s) completed at 10/12/2017 20:00:50
INFO	[hmmsearch]	1966 of 4915 task(s) completed at 10/12/2017 20:01:19
INFO	[hmmsearch]	2458 of 4915 task(s) completed at 10/12/2017 20:01:46
INFO	[hmmsearch]	2949 of 4915 task(s) completed at 10/12/2017 20:02:11
INFO	[hmmsearch]	3441 of 4915 task(s) completed at 10/12/2017 20:02:30
INFO	[hmmsearch]	3932 of 4915 task(s) completed at 10/12/2017 20:02:50
INFO	[hmmsearch]	4424 of 4915 task(s) completed at 10/12/2017 20:03:04
INFO	[hmmsearch]	4915 of 4915 task(s) completed at 10/12/2017 20:03:16
INFO	Results:
INFO	C:88.9%[S:87.5%,D:1.4%],F:7.6%,M:3.5%,n:4915
INFO	4372 Complete BUSCOs (C)
INFO	4303 Complete and single-copy BUSCOs (S)
INFO	69 Complete and duplicated BUSCOs (D)
INFO	375 Fragmented BUSCOs (F)
INFO	168 Missing BUSCOs (M)
INFO	4915 Total BUSCO groups searched
INFO	BUSCO analysis done with WARNING(s). Total running time: 368.98235416412354 seconds
INFO	Results written in /n/holylfs/LABS/informatics/tsackton/bird_genomes/run_rhePen.genome.all.maker.proteins.fasta-aves_odb9/

