WARNING	An augustus species is mentioned in the config file, dataset default species (human) will be ignored
INFO	****************** Start a BUSCO 3.0.2 analysis, current time: 10/22/2017 13:36:35 ******************
INFO	Configuration loaded from /n/holylfs/LABS/informatics/tsackton/bird_genomes/config.ini
INFO	Init tools...
INFO	Check dependencies...
INFO	Check input file...
INFO	To reproduce this run: python /n/sw/fasrcsw/apps/Core/BUSCO/3.0.2-fasrc01/bin/run_BUSCO.py -i strCam.fa -o strCam.fa-aves_odb9 -l aves_odb9/ -m genome -c 16 -sp chicken
INFO	Mode is: genome
INFO	The lineage dataset is: aves_odb9 (eukaryota)
INFO	Temp directory is ./tmp/
INFO	****** Phase 1 of 2, initial predictions ******
INFO	****** Step 1/3, current time: 10/22/2017 13:37:07 ******
INFO	Create blast database...
INFO	[makeblastdb]	Building a new DB, current time: 10/22/2017 13:37:07
INFO	[makeblastdb]	New DB name:   /n/holylfs/LABS/informatics/tsackton/bird_genomes/tmp/strCam.fa-aves_odb9_740658336
INFO	[makeblastdb]	New DB title:  strCam.fa
INFO	[makeblastdb]	Sequence type: Nucleotide
INFO	[makeblastdb]	Keep Linkouts: T
INFO	[makeblastdb]	Keep MBits: T
INFO	[makeblastdb]	Maximum file size: 1000000000B
INFO	[makeblastdb]	Adding sequences from FASTA; added 32012 sequences in 38.3662 seconds.
INFO	[makeblastdb]	1 of 1 task(s) completed at 10/22/2017 13:37:46
INFO	Running tblastn, writing output to /n/holylfs/LABS/informatics/tsackton/bird_genomes/run_strCam.fa-aves_odb9/blast_output/tblastn_strCam.fa-aves_odb9.tsv...
INFO	[tblastn]	1 of 1 task(s) completed at 10/22/2017 15:21:06
INFO	****** Step 2/3, current time: 10/22/2017 15:21:06 ******
INFO	Maximum number of candidate contig per BUSCO limited to: 3
INFO	Getting coordinates for candidate regions...
INFO	Pre-Augustus scaffold extraction...
INFO	Running Augustus prediction using chicken as species:
INFO	[augustus]	Please find all logs related to Augustus errors here: /n/holylfs/LABS/informatics/tsackton/bird_genomes/run_strCam.fa-aves_odb9/augustus_output/augustus.log
INFO	[augustus]	676 of 6751 task(s) completed at 10/22/2017 15:42:14
INFO	[augustus]	1351 of 6751 task(s) completed at 10/22/2017 16:03:29
INFO	[augustus]	2026 of 6751 task(s) completed at 10/22/2017 16:24:28
INFO	[augustus]	2701 of 6751 task(s) completed at 10/22/2017 16:46:18
INFO	[augustus]	3376 of 6751 task(s) completed at 10/22/2017 17:07:42
INFO	[augustus]	4051 of 6751 task(s) completed at 10/22/2017 17:28:28
INFO	[augustus]	4726 of 6751 task(s) completed at 10/22/2017 17:48:08
INFO	[augustus]	5401 of 6751 task(s) completed at 10/22/2017 18:07:53
INFO	[augustus]	6076 of 6751 task(s) completed at 10/22/2017 18:26:26
INFO	[augustus]	6751 of 6751 task(s) completed at 10/22/2017 18:47:26
INFO	Extracting predicted proteins...
INFO	****** Step 3/3, current time: 10/22/2017 19:00:07 ******
INFO	Running HMMER to confirm orthology of predicted proteins:
INFO	[hmmsearch]	673 of 6725 task(s) completed at 10/22/2017 19:00:19
INFO	[hmmsearch]	1345 of 6725 task(s) completed at 10/22/2017 19:00:28
INFO	[hmmsearch]	2690 of 6725 task(s) completed at 10/22/2017 19:00:46
INFO	[hmmsearch]	3363 of 6725 task(s) completed at 10/22/2017 19:00:55
INFO	[hmmsearch]	4035 of 6725 task(s) completed at 10/22/2017 19:01:04
INFO	[hmmsearch]	4708 of 6725 task(s) completed at 10/22/2017 19:01:13
INFO	[hmmsearch]	5380 of 6725 task(s) completed at 10/22/2017 19:01:22
INFO	[hmmsearch]	6053 of 6725 task(s) completed at 10/22/2017 19:01:30
INFO	[hmmsearch]	6725 of 6725 task(s) completed at 10/22/2017 19:01:40
INFO	Results:
INFO	C:90.6%[S:89.5%,D:1.1%],F:6.0%,M:3.4%,n:4915
INFO	4457 Complete BUSCOs (C)
INFO	4401 Complete and single-copy BUSCOs (S)
INFO	56 Complete and duplicated BUSCOs (D)
INFO	297 Fragmented BUSCOs (F)
INFO	161 Missing BUSCOs (M)
INFO	4915 Total BUSCO groups searched
INFO	****** Phase 2 of 2, predictions using species specific training ******
INFO	****** Step 1/3, current time: 10/22/2017 19:02:17 ******
INFO	Extracting missing and fragmented buscos from the ancestral_variants file...
INFO	Running tblastn, writing output to /n/holylfs/LABS/informatics/tsackton/bird_genomes/run_strCam.fa-aves_odb9/blast_output/tblastn_strCam.fa-aves_odb9_missing_and_frag_rerun.tsv...
INFO	[tblastn]	1 of 1 task(s) completed at 10/22/2017 20:15:27
INFO	Maximum number of candidate contig per BUSCO limited to: 3
INFO	Getting coordinates for candidate regions...
INFO	****** Step 2/3, current time: 10/22/2017 20:15:29 ******
INFO	Training Augustus using Single-Copy Complete BUSCOs:
INFO	Converting predicted genes to short genbank files at 10/22/2017 20:15:29...
INFO	All files converted to short genbank files, now running the training scripts at 10/22/2017 23:14:28...
INFO	Pre-Augustus scaffold extraction...
INFO	Re-running Augustus with the new metaparameters, number of target BUSCOs: 458
INFO	[augustus]	70 of 691 task(s) completed at 10/22/2017 23:17:45
INFO	[augustus]	139 of 691 task(s) completed at 10/22/2017 23:19:51
INFO	[augustus]	208 of 691 task(s) completed at 10/22/2017 23:22:01
INFO	[augustus]	277 of 691 task(s) completed at 10/22/2017 23:23:51
INFO	[augustus]	346 of 691 task(s) completed at 10/22/2017 23:26:24
INFO	[augustus]	415 of 691 task(s) completed at 10/22/2017 23:28:41
INFO	[augustus]	484 of 691 task(s) completed at 10/22/2017 23:31:15
INFO	[augustus]	553 of 691 task(s) completed at 10/22/2017 23:33:50
INFO	[augustus]	622 of 691 task(s) completed at 10/22/2017 23:35:53
INFO	[augustus]	691 of 691 task(s) completed at 10/22/2017 23:40:23
INFO	Extracting predicted proteins...
INFO	****** Step 3/3, current time: 10/22/2017 23:41:53 ******
INFO	Running HMMER to confirm orthology of predicted proteins:
INFO	[hmmsearch]	69 of 685 task(s) completed at 10/22/2017 23:41:55
INFO	[hmmsearch]	137 of 685 task(s) completed at 10/22/2017 23:41:56
INFO	[hmmsearch]	206 of 685 task(s) completed at 10/22/2017 23:41:58
INFO	[hmmsearch]	274 of 685 task(s) completed at 10/22/2017 23:42:03
INFO	[hmmsearch]	343 of 685 task(s) completed at 10/22/2017 23:42:04
INFO	[hmmsearch]	411 of 685 task(s) completed at 10/22/2017 23:42:06
INFO	[hmmsearch]	480 of 685 task(s) completed at 10/22/2017 23:42:07
INFO	[hmmsearch]	548 of 685 task(s) completed at 10/22/2017 23:42:08
INFO	[hmmsearch]	617 of 685 task(s) completed at 10/22/2017 23:42:09
INFO	[hmmsearch]	685 of 685 task(s) completed at 10/22/2017 23:42:10
INFO	Results:
INFO	C:92.9%[S:91.8%,D:1.1%],F:4.4%,M:2.7%,n:4915
INFO	4570 Complete BUSCOs (C)
INFO	4514 Complete and single-copy BUSCOs (S)
INFO	56 Complete and duplicated BUSCOs (D)
INFO	214 Fragmented BUSCOs (F)
INFO	131 Missing BUSCOs (M)
INFO	4915 Total BUSCO groups searched
INFO	BUSCO analysis done with WARNING(s). Total running time: 36654.949591875076 seconds
INFO	Results written in /n/holylfs/LABS/informatics/tsackton/bird_genomes/run_strCam.fa-aves_odb9/

