Search for sites by WeightMatrix library: file:///usr/local/apache/cgi-bin/build_ghptywl/idb/1.0/Match/data/2018.3/matrix.dat
Sequence file: file:///data/dumps/udm//build_ghptywl/pgrayson/16935.dat
Profile: file:///tmp/ff96d094de27b1d1e7ba9c80ca7eb017_117474/predef.prf,minFP_good_2018.3.prf
Configuration file: /tmp/ff96d094de27b1d1e7ba9c80ca7eb017_117474/project.xml

Inspecting sequence ID   galGal_mCE967994

 V$LBP1_Q6             |        4 (-) |  1.000 |  1.000 | gcAGCTG                        | LBP-1
 V$MYOGENIN_Q6_01      |        5 (+) |  1.000 |  1.000 | CAGCTg                         | myogenin
 V$MYOGENIN_Q6_01      |        5 (-) |  1.000 |  1.000 | cAGCTG                         | myogenin
 I$SGF3_Q6             |        9 (-) |  1.000 |  1.000 | tGAATAa                        | SGF-3
 V$SRY_10              |        9 (+) |  0.602 |  0.737 | tgaataaTATTCa                  | SRY
 V$OCT1_02             |       11 (+) |  0.992 |  0.965 | aataaTATTCagcct                | Oct-1
 V$ZNF333_01           |       12 (+) |  1.000 |  1.000 | ATAAT                          | ZNF333
 V$GCM1ETV4_01         |       15 (-) |  0.855 |  0.792 | atattCAGCCtgtaa                | GCMa:PEA3
 P$MYB118_01           |       23 (-) |  1.000 |  0.827 | cctGTAACagaatcctc              | MYB118
 I$ARA_01              |       27 (+) |  1.000 |  1.000 | TAACA                          | ara
 I$CAUP_01             |       27 (+) |  1.000 |  1.000 | TAACA                          | caup
 P$CDF3_01             |       48 (+) |  1.000 |  0.996 | gAAAAGtgc                      | CDF3
 V$HES1_Q3             |       56 (+) |  0.996 |  0.993 | ctcTTGTGcac                    | HES-1
 V$MTF1_05             |       58 (-) |  1.000 |  0.989 | cttgTGCACacggata               | MTF-1
 V$MTF1_Q5             |       61 (-) |  1.000 |  0.995 | gTGCACacgg                     | MTF-1
 F$YDR520C_01          |       62 (+) |  0.838 |  0.765 | tgcacaCGGATacacgcaca           | Ydr520c
 V$ELK1PAX5_01         |       66 (+) |  0.823 |  0.709 | caCGGATacacgcacaaaaa           | Elk-1:Pax-5
 V$ELK1PAX9_01         |       66 (+) |  0.844 |  0.729 | caCGGATacacgcacaaaaa           | Elk-1:Pax-9
 V$ETV2PAX5_01         |       66 (+) |  0.907 |  0.742 | caCGGATacacgcacaaaaa           | ER71:Pax-5
 V$PSF_Q5              |       67 (-) |  1.000 |  0.995 | aCGGATac                       | PSF
 V$AHR_Q6              |       74 (+) |  1.000 |  1.000 | CACGCa                         | AHR
 V$FOXK1_04            |       79 (+) |  1.000 |  0.960 | acaaaaACAACaact                | FOXK1
 V$FOXJ1_04            |       80 (+) |  1.000 |  0.930 | caaaaACAACaacta                | FOXJ1
 V$FOXO1A_Q3           |       81 (-) |  1.000 |  1.000 | aaAAACAa                       | FOXO1A
 P$HMG1_01             |       81 (-) |  1.000 |  0.953 | aaaaACAAC                      | HMG-1
 I$MIRR_01             |       83 (+) |  1.000 |  1.000 | AAACA                          | mirr
 V$FOXO1A_Q5           |       83 (+) |  1.000 |  1.000 | AAACAa                         | FOXO1A
 V$SRY_Q6              |       83 (-) |  1.000 |  1.000 | aAACAA                         | SRY
 P$TRP1_01             |       87 (+) |  0.849 |  0.705 | aacaacTAAAAgctaaaagcaaa        | TRP1
 V$ZNF418_04           |       91 (-) |  1.000 |  0.928 | actaaaagctaaAAGCA              | ZNF418
 V$FOXC1_Q4            |      100 (-) |  1.000 |  1.000 | taaaAGCAA                      | Foxc1
 V$FOXA1_02            |      102 (+) |  0.929 |  0.944 | aaaGCAAAc                      | HNF-3alpha
 P$CBNAC_01            |      103 (-) |  1.000 |  1.000 | AAGCAa                         | CBNAC
 P$RRTF1_02            |      110 (+) |  1.000 |  0.775 | ctCGCCGaga                     | RRTF1
 V$IRF4_04             |      110 (-) |  1.000 |  0.930 | ctcgcCGAGAacttc                | IRF4
 P$ERF069_01           |      111 (+) |  1.000 |  0.987 | tCGCCGaga                      | ERF069
 P$ERF11_01            |      111 (+) |  1.000 |  0.965 | tCGCCGagaa                     | ERF11
 P$AT1G68550_03        |      111 (-) |  1.000 |  0.950 | tCGCCGaga                      | AT1G68550
 F$HSF_01              |      117 (+) |  1.000 |  1.000 | AGAAC                          | HSF
 V$VMAF_01             |      119 (-) |  1.000 |  0.896 | aacttctgggTCAGCtttt            | v-Maf
 V$TR4_04              |      120 (+) |  1.000 |  0.941 | acttctGGGTCa                   | TR4
 V$ERBETA_Q5_01        |      122 (-) |  1.000 |  0.991 | ttctgGGTCAgctt                 | ER-beta
 V$PPARG_06            |      122 (+) |  1.000 |  0.960 | ttctgGGTCAgc                   | PPARGAMMA
 P$ASR1_01             |      125 (-) |  1.000 |  1.000 | TGGGT                          | ASR-1
 V$RORBETA_Q2          |      125 (-) |  1.000 |  1.000 | tgGGTCA                        | RORbeta
 V$NR1B2_Q6            |      126 (-) |  1.000 |  1.000 | gGGTCAg                        | NR1B2
 V$ESR1_05             |      127 (-) |  1.000 |  0.994 | GGTCAgctt                      | ER-alpha
 P$TGA2_04             |      127 (-) |  0.816 |  0.837 | ggtcagcttttgaCATCAcc           | TGA2
 V$MAFB_01             |      128 (-) |  1.000 |  1.000 | gTCAGC                         | MafB
 V$RARG_01             |      128 (-) |  0.845 |  0.813 | gtcagctttTGACAtc               | RARG
 P$TGA7_02             |      131 (-) |  0.826 |  0.859 | agcttttGACATcaccc              | TGA7
 P$TGA6_02             |      132 (-) |  0.821 |  0.832 | gcttttgaCATCAcc                | TGA6
 V$CEBPG_Q6            |      133 (-) |  0.907 |  0.895 | cttttGACATcac                  | C/EBPgamma
 V$ATF1_03             |      133 (-) |  0.797 |  0.851 | cttttgACATCaccca               | Atf-1
 P$TGA5_02             |      133 (-) |  0.815 |  0.827 | cttttgaCATCAcc                 | TGA5
 I$EXD_01              |      134 (+) |  1.000 |  1.000 | tTTTGAca                       | exd
 V$ATF3_Q6             |      134 (+) |  0.881 |  0.902 | tttTGACAtcaccc                 | ATF3
 P$TGA7_02             |      134 (+) |  0.816 |  0.842 | ttttgACATCacccata              | TGA7
 V$JUNFRA2_02          |      135 (+) |  0.874 |  0.859 | ttTGACAtcac                    | C-JUN:FRA-2
 P$TGA2_04             |      135 (+) |  0.820 |  0.853 | ttTGACAtcacccataggaa           | TGA2
 P$TGA5_02             |      135 (+) |  0.821 |  0.857 | ttTGACAtcaccca                 | TGA5
 P$TGA6_02             |      135 (+) |  0.824 |  0.856 | ttTGACAtcacccat                | TGA6
 P$TGA1_02             |      135 (-) |  0.834 |  0.861 | tttGACATcacccat                | TGA1
 V$CREB1_04            |      135 (+) |  0.881 |  0.926 | tttGACATcacc                   | CREB1
 V$CREB1_04            |      135 (-) |  0.881 |  0.926 | tttgACATCacc                   | CREB1
 V$ATF4_Q5             |      135 (+) |  0.992 |  0.973 | tttgaCATCAcc                   | ATF-4
 V$MEQCJUN_02          |      136 (-) |  0.867 |  0.831 | ttGACATcacc                    | MEQ:c-Jun
 V$JUND_01             |      136 (+) |  0.868 |  0.906 | ttgaCATCA                      | JunD
 V$ATF1_06             |      136 (-) |  0.957 |  0.959 | ttgaCATCAcc                    | ATF-1
 V$CREB1_05            |      136 (-) |  1.000 |  0.993 | ttgaCATCAccc                   | CREB1
 V$ATF2_02             |      136 (-) |  1.000 |  0.983 | ttgaCATCAcc                    | ATF-2
 V$ATF2_03             |      136 (-) |  1.000 |  0.983 | ttgaCATCAcc                    | ATF-2
 V$CREBP1CJUN_01       |      137 (+) |  0.848 |  0.891 | tGACATca                       | ATF2:c-Jun
 P$ASR1_01             |      144 (+) |  1.000 |  1.000 | ACCCA                          | ASR-1
 V$TEF1_Q6             |      151 (+) |  1.000 |  1.000 | GGAATg                         | TEF-1
 V$SIX2_04             |      155 (+) |  1.000 |  0.965 | TGAAAtcagacac                  | Six-2
 V$SIX2_05             |      155 (+) |  1.000 |  0.968 | TGAAAtcagacacc                 | Six-2
 V$SIX4_03             |      155 (+) |  1.000 |  0.971 | TGAAAtcagacacc                 | Six-4
 V$CUX1TBX21_01        |      159 (+) |  0.799 |  0.789 | atcagacaccgACCAAtc             | CDP:T-bet
 P$CBF3_02             |      162 (+) |  1.000 |  0.964 | agacaCCGACcaat                 | CBF3
 P$AT5G67190_01        |      164 (+) |  1.000 |  1.000 | ACACCgacca                     | AT5G67190
 P$AT1G77200_03        |      164 (+) |  1.000 |  0.889 | acaCCGACcaatca                 | AT1G77200
 V$NFYB_01             |      164 (+) |  1.000 |  0.996 | acaccgaCCAATcag                | NF-YB
 V$NFY_01              |      166 (+) |  1.000 |  0.982 | accgaCCAATcaggca               | NF-Y
 V$NFY_C               |      166 (-) |  1.000 |  0.924 | accgaccAATCAgg                 | NF-Y
 P$DREB1B_01           |      167 (+) |  1.000 |  1.000 | CCGAC                          | DREB1B
 V$YB1_Q4              |      167 (+) |  1.000 |  0.989 | ccgaCCAATca                    | YB-1
 V$NFYC_01             |      167 (+) |  1.000 |  0.974 | ccgaCCAATcaggc                 | NF-YC
 P$LBD2_01             |      167 (+) |  0.658 |  0.808 | ccgaccaatcAGGCA                | LBD2
 V$PAX5_11             |      167 (+) |  0.864 |  0.825 | ccgaccaatcagGCACGgc            | Pax-5
 P$ANAC042_01          |      167 (-) |  1.000 |  0.816 | ccgaccaatcaggcACGGCg           | ANAC042
 V$PAX5_06             |      168 (-) |  0.809 |  0.812 | cgaccaatcagGCACGgc             | Pax-5
 V$NFY_Q3              |      169 (+) |  1.000 |  0.987 | gaCCAATcagg                    | NF-Y
 V$NFYA_04             |      169 (+) |  1.000 |  0.998 | gaCCAATcagg                    | NFYA
 V$YB1_Q3              |      171 (+) |  1.000 |  0.967 | CCAATcaggc                     | YB-1
 V$LHX8_06             |      172 (-) |  1.000 |  1.000 | cAATCA                         | Lhx8
 I$PRD_02              |      173 (-) |  0.886 |  0.830 | aatcaGGCACgg                   | Prd
 F$MOT3_01             |      176 (+) |  1.000 |  1.000 | cAGGCA                         | MOT3
 I$TWI_03              |      177 (+) |  0.912 |  0.876 | aggcaCGGCGag                   | Twi
 P$ERF069_01           |      179 (-) |  1.000 |  0.988 | gcaCGGCGa                      | ERF069
 P$AT1G28160_02        |      179 (+) |  1.000 |  0.842 | gcaCGGCGaggctgg                | AT1G28160
 P$AT2G33710_01        |      179 (-) |  1.000 |  0.824 | gcaCGGCGaggctgg                | AT2G33710
 P$RAP26_06            |      179 (+) |  1.000 |  0.817 | gcaCGGCGaggctgg                | RAP2.6
 P$AT1G68550_03        |      179 (+) |  1.000 |  0.960 | gcaCGGCGa                      | AT1G68550
 V$MYF6_04             |      183 (-) |  1.000 |  0.917 | ggcgaGGCTGgcaac                | MYF6
 V$RFX_Q6              |      191 (-) |  1.000 |  0.986 | tgGCAACac                      | RFX
 P$RAV1_01             |      191 (+) |  1.000 |  0.988 | tggCAACAcaaa                   | RAV1
 V$BRCA_01             |      194 (-) |  1.000 |  0.999 | CAACAcaa                       | BRCA1:USF2
 V$FOXJ2_01            |      197 (+) |  1.000 |  0.985 | cacaaaatAAACAaaagc             | FOXJ2
 V$FREAC7_01           |      198 (+) |  1.000 |  0.982 | acaaaATAAAcaaaag               | Freac-7
 V$FOXP1_05            |      198 (-) |  1.000 |  0.947 | acaaaatAAACAa                  | FOXP1
 I$BRCZ1_01            |      198 (+) |  1.000 |  0.941 | acaaaataaACAAAagct             | BR-C
 I$FD59A_01            |      199 (+) |  1.000 |  0.982 | caaaatAAACAaa                  | fd59A
 I$BRCZ4_01            |      200 (+) |  1.000 |  0.992 | aaaATAAAcaaaa                  | BR-C
 V$XFD2_01             |      200 (+) |  1.000 |  0.960 | aaaATAAAcaaaag                 | XFD-2
 V$HFH3_01             |      200 (-) |  1.000 |  0.980 | aaaatAAACAaaa                  | HFH3
 V$HFH8_01             |      200 (-) |  1.000 |  0.985 | aaaatAAACAaaa                  | HFH8
 V$FOX_Q2              |      200 (-) |  1.000 |  0.963 | aaaatAAACAaaa                  | FOX
 V$FOXJ1_03            |      200 (+) |  1.000 |  0.981 | aaaatAAACAaaagct               | FOXJ1
 V$FOXC2_03            |      200 (+) |  1.000 |  0.958 | aaaatAAACAaa                   | FOXC2
 V$FOXO3A_Q3           |      200 (+) |  1.000 |  0.999 | aaaatAAACAaaa                  | FOXO3A
 I$SLP1_02             |      200 (+) |  1.000 |  0.976 | aaaatAAACAaa                   | Slp1
 V$FOXO3_01            |      200 (-) |  1.000 |  0.917 | aaaataAACAAaag                 | FOXO3
 V$HFH1_01             |      201 (-) |  1.000 |  0.966 | aaaTAAACaaaa                   | HFH1
 V$FOXM1_Q3_02         |      201 (-) |  1.000 |  1.000 | aaatAAACA                      | FOXM1
 V$FOXD3_01            |      201 (-) |  1.000 |  0.956 | aaataAACAAaa                   | FOXD3
 V$CDX1_Q5             |      202 (-) |  1.000 |  1.000 | aATAAA                         | Cdx-1
 V$FOXO1_01            |      202 (+) |  1.000 |  1.000 | aatAAACAaa                     | FOXO1
 V$FOXO3A_Q1           |      202 (+) |  1.000 |  0.971 | aatAAACAaaag                   | FOXO3A
 V$SOX9_Q5             |      202 (+) |  1.000 |  0.948 | aataaACAAAagctggg              | Sox-9
 V$FOXP3_01            |      203 (+) |  1.000 |  1.000 | atAAACAa                       | FOXP3
 V$FOXJ3_07            |      203 (+) |  1.000 |  0.989 | atAAACAa                       | FOXJ3
 V$FOXC1_06            |      203 (+) |  1.000 |  1.000 | atAAACA                        | Foxc1
 V$FOXM1_Q6            |      203 (-) |  1.000 |  1.000 | atAAACAa                       | Foxm1
 V$FOXP1_06            |      203 (-) |  1.000 |  1.000 | atAAACAaa                      | FOXP1
 V$SOX6_Q5             |      204 (+) |  1.000 |  0.989 | taaACAAAagc                    | Sox-6
 V$SRY_01              |      205 (+) |  1.000 |  1.000 | AAACAaa                        | SRY
 I$MIRR_01             |      205 (+) |  1.000 |  1.000 | AAACA                          | mirr
 V$FOXO1A_Q5           |      205 (+) |  1.000 |  1.000 | AAACAa                         | FOXO1A
 V$SRY_Q6              |      205 (-) |  1.000 |  1.000 | aAACAA                         | SRY
 V$SOX4_Q5             |      206 (+) |  1.000 |  1.000 | AACAAa                         | Sox-4
 P$TCP16_03            |      213 (+) |  0.742 |  0.828 | gctgggCCCAG                    | TCP16
 P$TCP2_01             |      214 (+) |  1.000 |  0.991 | ctGGGCCcag                     | TCP2
 P$TCP2_01             |      214 (-) |  1.000 |  0.991 | ctgGGCCCag                     | TCP2
 V$HNRPUL1_01          |      218 (+) |  1.000 |  1.000 | gCCCAGg                        | HNRPUL1
 V$SOX10_Q6_01         |      228 (+) |  1.000 |  1.000 | cACAATg                        | Sox-10
 V$SRY_12              |      228 (+) |  1.000 |  0.984 | cACAATga                       | SRY
 V$GEN_INI3_B          |      230 (-) |  0.988 |  0.989 | CAATGagg                       | GEN_INI
 V$GCM1ERG_01          |      232 (+) |  0.907 |  0.835 | atgaGGGAGggaagt                | GCMa:Erg
 V$GKLF_Q4             |      235 (-) |  1.000 |  1.000 | agGGAGG                        | GKLF
 V$ETS2_03             |      237 (+) |  1.000 |  0.991 | ggagGGAAGtgga                  | c-Ets-2
 V$ETS2_04             |      237 (+) |  1.000 |  0.991 | ggagGGAAGtgga                  | c-Ets-2
 V$PET1_03             |      238 (+) |  1.000 |  0.982 | gagGGAAGtg                     | Pet-1
 V$PET1_04             |      238 (+) |  1.000 |  0.982 | gagGGAAGtg                     | Pet-1
 V$IRF4_07             |      240 (+) |  1.000 |  0.969 | gGGAAGtgg                      | IRF-4
 V$DREF_02             |      240 (-) |  1.000 |  0.966 | gggAAGTGgaag                   | DREF
 V$ELK1_Q6             |      241 (+) |  1.000 |  1.000 | GGAAGt                         | Elk-1
 V$NKX25_Q5            |      241 (-) |  1.000 |  0.977 | ggAAGTGgaa                     | CSX
 V$ZNF35_04            |      247 (+) |  1.000 |  1.000 | gGAAGA                         | ZNF35
 V$SOX9_11             |      248 (+) |  0.991 |  0.910 | gaagagaccATTGTtc               | Sox-9
 V$SOX30_03            |      251 (-) |  1.000 |  0.989 | gagaccATTGTtccaa               | Sox-30
 V$SOX21_04            |      252 (+) |  1.000 |  0.971 | agaccATTGTtccaaaa              | Sox-21
 V$SRY_05              |      252 (-) |  1.000 |  0.987 | agaccATTGTtccaaaa              | SRY
 V$SOX9_B1             |      253 (-) |  1.000 |  0.992 | gaccATTGTtccaa                 | Sox-9
 V$SOX13_05            |      253 (-) |  1.000 |  1.000 | gaccATTGTtc                    | SOX13
 V$SOX17_11            |      254 (+) |  1.000 |  0.986 | accATTGTtcc                    | Sox-17
 V$SOX9_02             |      255 (-) |  1.000 |  1.000 | ccATTGTtc                      | Sox-9
 V$SOX6_01             |      255 (+) |  1.000 |  0.986 | ccATTGTtcc                     | Sox-6
 I$SOXN_01             |      255 (-) |  1.000 |  0.936 | ccATTGTtcca                    | SoxN
 V$SRY_12              |      255 (-) |  1.000 |  0.999 | ccATTGTt                       | SRY
 V$SOX10_Q6_01         |      256 (-) |  1.000 |  1.000 | cATTGTt                        | Sox-10
 V$SOX17_Q2            |      258 (+) |  1.000 |  1.000 | TTGTTc                         | Sox-17
 P$HSFA2_01            |      263 (+) |  1.000 |  1.000 | CCAAAa                         | HSFA2
 V$SRY_10              |      274 (-) |  0.804 |  0.747 | tAAATGatgttgc                  | SRY
 V$FOXC1_Q4            |      283 (+) |  1.000 |  1.000 | TTGCTttat                      | Foxc1
 P$CBNAC_01            |      283 (+) |  1.000 |  1.000 | tTGCTT                         | CBNAC
 P$DOF2_01             |      283 (-) |  1.000 |  1.000 | ttGCTTTattt                    | Dof2
 V$XFD1_01             |      285 (-) |  0.959 |  0.940 | gctttaTTTATttc                 | XFD-1
 V$CDX1_Q5             |      287 (+) |  1.000 |  1.000 | TTTATt                         | Cdx-1
 V$MEF2C_Q4            |      289 (+) |  1.000 |  1.000 | TATTTat                        | MEF-2C
 V$FLI1DLX2_01         |      289 (-) |  0.909 |  0.866 | tatttatTTCCTtt                 | Fli-1:Dlx-2
 V$SATB1_Q5_01         |      290 (+) |  1.000 |  1.000 | aTTTAT                         | SATB1
 V$CDX1_Q5             |      291 (+) |  1.000 |  1.000 | TTTATt                         | Cdx-1
 V$ELF5_04             |      293 (+) |  1.000 |  0.996 | tatTTCCTt                      | Elf5
 V$LEF1_Q5             |      298 (-) |  1.000 |  1.000 | cCTTTGa                        | LEF-1
 V$LEF1_Q5_01          |      298 (-) |  1.000 |  1.000 | cCTTTGa                        | LEF-1
 V$LEF1_Q2             |      299 (-) |  1.000 |  1.000 | CTTTGa                         | TCF-7
 V$TCF3_Q6             |      299 (+) |  1.000 |  1.000 | CTTTGa                         | TCF-3
 V$SOX10_Q3            |      304 (+) |  1.000 |  0.999 | ACAATgcc                       | Sox-10
 F$TBS1_01             |      305 (+) |  0.618 |  0.738 | caatgccTGAACcgaatctt           | Tbs1p
 F$TBS1_01             |      305 (-) |  0.847 |  0.737 | caatgcctGAACCgaatctt           | Tbs1p
 F$MOT3_01             |      308 (-) |  1.000 |  1.000 | TGCCTg                         | MOT3
 F$YBR239C_02          |      309 (+) |  0.800 |  0.806 | gcCTGAAc                       | Ybr239c
 F$LEU3_02             |      310 (+) |  0.863 |  0.904 | cctgaACCGA                     | Leu3p
 V$GABPA_08            |      314 (+) |  1.000 |  0.871 | AACCGaatc                      | GABP-alpha
 I$DEAF_01             |      314 (-) |  0.994 |  0.995 | aACCGAa                        | DEAF
 P$ARR1_01             |      315 (+) |  1.000 |  0.999 | accGAATCtt                     | ARR1
 P$UIF1_01             |      316 (-) |  1.000 |  0.999 | ccGAATCttt                     | UIF1
 P$ARR2_01             |      316 (+) |  1.000 |  0.999 | ccgaATCTTt                     | ARR2
 P$ARR10_01            |      317 (-) |  0.996 |  0.997 | cgAATCT                        | ARR10
 P$RIN_Q2              |      321 (-) |  0.948 |  0.971 | tcTTTAAaaag                    | RIN
 P$PBF_Q2              |      327 (+) |  1.000 |  1.000 | aAAAGG                         | PBF
 P$PBF_Q2_01           |      327 (-) |  1.000 |  1.000 | aAAAGG                         | PBF

Inspecting sequence ID   rheAme_mCE967994

 V$LBP1_Q6             |        4 (-) |  1.000 |  1.000 | gcAGCTG                        | LBP-1
 V$MYOGENIN_Q6_01      |        5 (+) |  1.000 |  1.000 | CAGCTg                         | myogenin
 V$MYOGENIN_Q6_01      |        5 (-) |  1.000 |  1.000 | cAGCTG                         | myogenin
 I$SGF3_Q6             |        9 (-) |  1.000 |  1.000 | tGAATAa                        | SGF-3
 V$SRY_10              |        9 (+) |  0.602 |  0.737 | tgaataaTATTCa                  | SRY
 V$OCT1_02             |       11 (+) |  0.992 |  0.965 | aataaTATTCagcct                | Oct-1
 V$ZNF333_01           |       12 (+) |  1.000 |  1.000 | ATAAT                          | ZNF333
 V$GCM1ETV4_01         |       15 (-) |  0.855 |  0.792 | atattCAGCCtgtaa                | GCMa:PEA3
 V$IRF7_Q3             |       28 (+) |  1.000 |  1.000 | AAGAGaa                        | IRF-7
 V$CP2_Q4              |       42 (-) |  1.000 |  0.986 | aggaCTGGGaag                   | CP2
 V$ELK1_Q6             |       49 (+) |  1.000 |  1.000 | GGAAGt                         | Elk-1
 V$HES1_Q3             |       56 (+) |  0.996 |  0.993 | ctcTTGTGcac                    | HES-1
 V$MTF1_05             |       58 (-) |  1.000 |  0.989 | cttgTGCACacggata               | MTF-1
 V$MTF1_Q5             |       61 (-) |  1.000 |  0.995 | gTGCACacgg                     | MTF-1
 V$MTF1_01             |       61 (+) |  0.600 |  0.704 | gtgcacacggaTAGGCgcac           | MTF-1
 V$E2F3EOMES_01        |       65 (-) |  0.915 |  0.735 | acacggatagGCGCAcagaaacaa       | E2F-3:TBR2
 V$POU2F1ETV1_01       |       66 (+) |  0.778 |  0.785 | cacggATAGGcgc                  | POU2F1:ER81
 V$RFX1_01             |       72 (+) |  0.982 |  0.944 | taggcgcacaGAAACaa              | RFX1
 V$FOXJ1_04            |       80 (+) |  1.000 |  0.931 | cagaaACAACaacta                | FOXJ1
 I$MIRR_01             |       83 (+) |  1.000 |  1.000 | AAACA                          | mirr
 V$FOXO1A_Q5           |       83 (+) |  1.000 |  1.000 | AAACAa                         | FOXO1A
 V$SRY_Q6              |       83 (-) |  1.000 |  1.000 | aAACAA                         | SRY
 V$ZNF418_04           |       91 (-) |  1.000 |  0.915 | actaagagctagAAGCA              | ZNF418
 P$CBNAC_01            |      103 (-) |  1.000 |  1.000 | AAGCAa                         | CBNAC
 V$E2F3HES7_01         |      107 (+) |  0.658 |  0.754 | aaactcgccgagagCTCCTggg         | E2F-3:HES-7
 P$RRTF1_02            |      110 (+) |  1.000 |  0.775 | ctCGCCGaga                     | RRTF1
 V$IRF4_04             |      110 (-) |  1.000 |  0.921 | ctcgcCGAGAgctcc                | IRF4
 V$IRF6_04             |      110 (-) |  1.000 |  0.929 | ctcgcCGAGAgctcc                | IRF6
 P$ERF069_01           |      111 (+) |  1.000 |  0.987 | tCGCCGaga                      | ERF069
 P$ERF11_01            |      111 (+) |  1.000 |  0.964 | tCGCCGagag                     | ERF11
 P$AT1G68550_03        |      111 (-) |  1.000 |  0.950 | tCGCCGaga                      | AT1G68550
 V$VMAF_01             |      119 (-) |  1.000 |  0.890 | agctcctgggTCAGCtctt            | v-Maf
 V$TR4_04              |      120 (+) |  1.000 |  0.957 | gctcctGGGTCa                   | TR4
 V$ERBETA_Q5_01        |      122 (-) |  1.000 |  0.973 | tcctgGGTCAgctc                 | ER-beta
 P$ASR1_01             |      125 (-) |  1.000 |  1.000 | TGGGT                          | ASR-1
 V$RORBETA_Q2          |      125 (-) |  1.000 |  1.000 | tgGGTCA                        | RORbeta
 V$AP4_01              |      125 (+) |  1.000 |  0.894 | tgggtCAGCTcttgacat             | AP-4
 V$NR1B2_Q6            |      126 (-) |  1.000 |  1.000 | gGGTCAg                        | NR1B2
 P$TGA2_04             |      127 (-) |  0.816 |  0.838 | ggtcagctcttgaCATCAcc           | TGA2
 V$MAFB_01             |      128 (-) |  1.000 |  1.000 | gTCAGC                         | MafB
 P$TGA7_02             |      131 (-) |  0.826 |  0.858 | agctcttGACATcaccc              | TGA7
 P$TGA6_02             |      132 (-) |  0.821 |  0.835 | gctcttgaCATCAcc                | TGA6
 V$ATF1_03             |      133 (-) |  0.797 |  0.849 | ctcttgACATCacccg               | Atf-1
 P$TGA5_02             |      133 (-) |  0.815 |  0.830 | ctcttgaCATCAcc                 | TGA5
 V$ATF3_Q6             |      134 (+) |  0.881 |  0.899 | tctTGACAtcaccc                 | ATF3
 P$TGA7_02             |      134 (+) |  0.816 |  0.840 | tcttgACATCacccgca              | TGA7
 V$JUNFRA2_02          |      135 (+) |  0.874 |  0.857 | ctTGACAtcac                    | C-JUN:FRA-2
 P$TGA2_04             |      135 (+) |  0.820 |  0.851 | ctTGACAtcacccgcaggaa           | TGA2
 P$TGA5_02             |      135 (+) |  0.821 |  0.855 | ctTGACAtcacccg                 | TGA5
 P$TGA6_02             |      135 (+) |  0.824 |  0.855 | ctTGACAtcacccgc                | TGA6
 P$TGA1_02             |      135 (-) |  0.834 |  0.858 | cttGACATcacccgc                | TGA1
 V$CREB1_04            |      135 (+) |  0.881 |  0.926 | cttGACATcacc                   | CREB1
 V$CREB1_04            |      135 (-) |  0.881 |  0.926 | cttgACATCacc                   | CREB1
 V$ATF4_Q5             |      135 (+) |  0.992 |  0.975 | cttgaCATCAcc                   | ATF-4
 V$MEQCJUN_02          |      136 (-) |  0.867 |  0.831 | ttGACATcacc                    | MEQ:c-Jun
 V$JUND_01             |      136 (+) |  0.868 |  0.906 | ttgaCATCA                      | JunD
 V$ATF1_06             |      136 (-) |  0.957 |  0.959 | ttgaCATCAcc                    | ATF-1
 V$CREB1_05            |      136 (-) |  1.000 |  0.993 | ttgaCATCAccc                   | CREB1
 V$ATF2_02             |      136 (-) |  1.000 |  0.983 | ttgaCATCAcc                    | ATF-2
 V$ATF2_03             |      136 (-) |  1.000 |  0.983 | ttgaCATCAcc                    | ATF-2
 V$CREBP1CJUN_01       |      137 (+) |  0.848 |  0.891 | tGACATca                       | ATF2:c-Jun
 V$PAX4_03             |      137 (+) |  1.000 |  0.959 | tgacatCACCCg                   | Pax-4
 V$PAX6_05_01          |      142 (+) |  0.809 |  0.769 | tcaccCGCAGgaatgaaac            | Pax-6
 V$TEF1_Q6_04          |      147 (-) |  1.000 |  0.975 | cgcaGGAATga                    | TEF-1
 V$TEF1_02             |      147 (-) |  1.000 |  0.922 | cgcaGGAATga                    | TEF-1
 V$TEF_01              |      147 (-) |  1.000 |  0.919 | cgcagGAATGaa                   | TEF
 V$ZABC1_01            |      148 (-) |  1.000 |  0.964 | gcaGGAAT                       | ZABC1
 V$IRF4_03             |      150 (+) |  1.000 |  0.886 | aggaatGAAACcaga                | Irf-4
 V$SIX4_01             |      150 (+) |  0.885 |  0.914 | aggaatgAAACCagaca              | six-4
 V$TEF1_Q6             |      151 (+) |  1.000 |  1.000 | GGAATg                         | TEF-1
 F$STE12_Q4            |      154 (+) |  1.000 |  1.000 | aTGAAAc                        | Ste12p
 V$SIX2_04             |      155 (+) |  1.000 |  0.972 | TGAAAccagacac                  | Six-2
 V$SIX2_05             |      155 (+) |  1.000 |  0.972 | TGAAAccagacacc                 | Six-2
 V$SIX4_03             |      155 (+) |  1.000 |  0.985 | TGAAAccagacacc                 | Six-4
 V$SMAD3_03            |      155 (+) |  1.000 |  0.989 | tgaaacCAGACaccggc              | Smad3
 N$CHE1_01             |      156 (+) |  1.000 |  1.000 | GAAACc                         | che-1
 F$RDS1_01             |      161 (+) |  1.000 |  0.764 | cagacacCGGCCaaggaggc           | Rds1p
 F$RDS1_01             |      161 (-) |  0.780 |  0.751 | cagacaccGGCCAaggaggc           | Rds1p
 V$PAX5_01             |      164 (+) |  0.988 |  0.827 | acaccggcCAAGGaggccgcgcggggct   | Pax-5
 F$LEU3_02             |      167 (-) |  0.989 |  0.963 | CCGGCcaagg                     | Leu3p
 F$RDS1_02             |      167 (-) |  1.000 |  0.860 | cCGGCCa                        | Rds1p
 V$ESR2_04             |      168 (-) |  0.964 |  0.871 | cGGCCAaggaggccg                | ER-beta
 F$RSC3_01             |      171 (+) |  0.872 |  0.779 | ccaaggaggCCGCGcggggct          | Rsc3p
 V$GKLF_Q4             |      173 (-) |  1.000 |  1.000 | aaGGAGG                        | GKLF
 V$TAF1_08             |      173 (+) |  0.929 |  0.898 | aaggaGGCCGcgcggg               | TAFII250
 V$FOXN4_04            |      173 (-) |  0.821 |  0.801 | aaggaggCCGCGcggggctgcc         | FOXN4
 F$RSC30_01            |      173 (-) |  1.000 |  0.902 | aaggaggccGCGCGgggctgc          | Rsc30p
 F$RSC3_01             |      173 (+) |  1.000 |  0.867 | aaggaggccGCGCGgggctgc          | Rsc3p
 F$RSC30_01            |      174 (+) |  1.000 |  0.889 | aggaggcCGCGCggggctgcc          | Rsc30p
 F$RSC3_01             |      174 (-) |  1.000 |  0.849 | aggaggcCGCGCggggctgcc          | Rsc3p
 P$DREB2C_02           |      175 (+) |  0.800 |  0.852 | ggAGGCCgcg                     | DREB2C
 P$DREB2C_02           |      175 (-) |  1.000 |  0.849 | ggaGGCCGcg                     | DREB2C
 F$RSC30_01            |      175 (-) |  0.840 |  0.796 | ggaggccgcGCGGGgctgcca          | Rsc30p
 F$RSC30_01            |      176 (+) |  0.840 |  0.811 | gaggccgCGCGGggctgccag          | Rsc30p
 F$RSC3_01             |      176 (-) |  0.872 |  0.827 | gaggccgCGCGGggctgccag          | Rsc3p
 V$ZBTB33_08           |      176 (+) |  0.894 |  0.822 | gaggccgCGCGGggc                | Kaiso
 F$RDS1_02             |      177 (+) |  1.000 |  0.850 | aGGCCGc                        | Rds1p
 P$ESR1_01             |      177 (+) |  1.000 |  0.873 | aGGCCGcgcg                     | ESR1
 P$AT1G68550_03        |      177 (-) |  0.949 |  0.940 | aGGCCGcgc                      | AT1G68550
 P$ERF13_01            |      177 (+) |  1.000 |  0.901 | agGCCGCgcg                     | ERF13
 P$RRTF1_02            |      177 (-) |  0.775 |  0.789 | aggCCGCGcg                     | RRTF1
 P$RAP26_03            |      177 (-) |  0.784 |  0.819 | aggCCGCGcg                     | RAP2-6
 P$RAP210_04           |      177 (-) |  0.759 |  0.826 | aggCCGCGcg                     | RAP2-10
 F$YML081W_01          |      177 (-) |  1.000 |  0.853 | aggccgcGCGGGgctgccagc          | Yml081wp
 V$CNOT3_01            |      178 (+) |  1.000 |  0.994 | ggCCGCGcgg                     | CNOT3
 V$ZFP161_04           |      179 (+) |  1.000 |  0.914 | gcCGCGCggggctg                 | ZF5
 V$ZBTB33_08           |      179 (-) |  0.873 |  0.805 | gccGCGCGgggctgc                | Kaiso
 V$E2F1HES7_02         |      180 (-) |  0.554 |  0.740 | ccgcgcggggctgCCAGCgcc          | E2F-1:HES-7
 V$E2F1HES7_02         |      181 (+) |  0.816 |  0.842 | cgcGCGGGgctgccagcgcca          | E2F-1:HES-7
 F$PHO4_03             |      182 (+) |  1.000 |  0.952 | GCGCGgg                        | Pho4p
 F$SUT1_01             |      183 (+) |  1.000 |  1.000 | cGCGGGg                        | SUT1
 V$CPBP_Q6             |      184 (-) |  1.000 |  1.000 | gcGGGGC                        | CPBP
 V$HSF4_Q3             |      190 (+) |  1.000 |  1.000 | CTGCCag                        | HSF4
 F$STP4_02             |      192 (+) |  0.800 |  0.806 | gcCAGCGcc                      | Stp4p
 P$AT5G54070_01        |      193 (+) |  0.988 |  0.989 | cCAGCG                         | AT5G54070
 F$RDS1_01             |      193 (+) |  0.822 |  0.784 | ccagcgcCAGCCgaacagaa           | Rds1p
 F$RDS1_01             |      193 (-) |  0.822 |  0.786 | ccagcgccAGCCGaacagaa           | Rds1p
 F$STP4_02             |      195 (-) |  0.800 |  0.806 | agCGCCAgc                      | Stp4p
 I$BRK_Q6              |      196 (+) |  1.000 |  1.000 | gCGCCAg                        | BRK
 I$DEAF_01             |      201 (-) |  1.000 |  1.000 | aGCCGAa                        | DEAF
 I$DEAF1_01            |      202 (-) |  1.000 |  0.998 | gCCGAA                         | Deaf1
 P$SPL1_01             |      202 (+) |  0.789 |  0.752 | gcCGAACaga                     | SPL1
 P$AT2G41690_01        |      203 (+) |  1.000 |  1.000 | CCGAAc                         | AT2G41690
 V$LUMAN_02            |      209 (-) |  1.000 |  0.970 | agaagCTGGG                     | LUMAN
 V$ZNF692_02           |      210 (-) |  0.957 |  0.923 | gaagCTGGGcccggc                | ZNF692
 V$AP2_Q3              |      217 (-) |  1.000 |  0.967 | ggcccgGCCCGgcgcc               | AP-2
 F$LEU3_02             |      219 (+) |  0.987 |  0.916 | cccggCCCGG                     | Leu3p
 F$RDS1_02             |      220 (-) |  1.000 |  0.850 | cCGGCCc                        | Rds1p
 F$RDS1_02             |      221 (+) |  0.843 |  0.867 | cGGCCCg                        | Rds1p
 P$RRTF1_02            |      223 (-) |  1.000 |  0.780 | gccCGGCGcc                     | RRTF1
 P$RAP210_04           |      223 (-) |  1.000 |  0.795 | gccCGGCGcc                     | RAP2-10
 P$ERF069_01           |      223 (-) |  1.000 |  0.989 | gccCGGCGc                      | ERF069
 P$AT1G68550_03        |      223 (+) |  1.000 |  0.956 | gccCGGCGc                      | AT1G68550
 P$RRTF1_02            |      224 (+) |  0.893 |  0.844 | ccCGGCGccc                     | RRTF1
 P$RAP26_03            |      224 (+) |  0.862 |  0.842 | ccCGGCGccc                     | RAP2-6
 P$RAP210_04           |      224 (+) |  0.829 |  0.805 | ccCGGCGccc                     | RAP2-10
 V$E2F1_04             |      224 (-) |  1.000 |  0.844 | cccGGCGCccgg                   | E2F-1
 V$E2F1_04             |      224 (+) |  1.000 |  0.845 | cccgGCGCCcgg                   | E2F-1
 V$KAISO_Q2            |      225 (-) |  0.830 |  0.922 | cCGGCGcccggc                   | Kaiso
 P$HSFA1E_01           |      225 (+) |  1.000 |  1.000 | cCGGCG                         | HSFA1E
 P$ERF13_01            |      225 (+) |  0.788 |  0.825 | ccGGCGCccg                     | ERF13
 V$ZF5_01              |      226 (-) |  1.000 |  0.926 | cggCGCCC                       | ZF5
 P$DREB2C_02           |      227 (+) |  0.788 |  0.765 | ggCGCCCggc                     | DREB2C
 P$DREB2C_02           |      227 (-) |  0.788 |  0.765 | ggcGCCCGgc                     | DREB2C
 F$RDS1_02             |      228 (-) |  0.875 |  0.895 | gCGCCCg                        | Rds1p
 F$RSC3_01             |      234 (+) |  1.000 |  0.777 | ggcngggcaGCGCGgcgctgc          | Rsc3p
 P$AT1G53910_02        |      234 (+) |  1.000 |  0.847 | ggcngggcagcGCGGCgctgc          | AT1G53910
 P$ERF9_01             |      234 (+) |  1.000 |  0.800 | ggcngggcagcgCGGCGctgc          | ERF9
 P$ERF73_01            |      237 (-) |  1.000 |  0.852 | ngggcagcgCGGCGctgctgt          | ERF73
 P$RRTF1_02            |      238 (-) |  0.775 |  0.785 | gggCAGCGcg                     | RRTF1
 P$RAP26_03            |      238 (-) |  0.784 |  0.816 | gggCAGCGcg                     | RAP2-6
 P$RAP210_04           |      238 (-) |  0.758 |  0.806 | gggCAGCGcg                     | RAP2-10
 F$STP4_02             |      239 (+) |  0.800 |  0.805 | ggCAGCGcg                      | Stp4p
 I$ADF1_01             |      240 (-) |  1.000 |  0.970 | gCAGCGcggc                     | Adf1
 P$ERF4_05             |      240 (-) |  1.000 |  0.824 | gcagcgCGGCGctgc                | ERF4
 V$ZF5_B               |      241 (-) |  1.000 |  0.850 | caGCGCGgcgctg                  | ZF5
 P$ERF13_01            |      242 (-) |  1.000 |  0.832 | agcGCGGCgc                     | ERF13
 P$ERF11_01            |      242 (-) |  1.000 |  0.964 | agcgCGGCGc                     | ERF11
 P$RRTF1_02            |      243 (-) |  1.000 |  0.873 | gcgCGGCGct                     | RRTF1
 P$RAP26_03            |      243 (-) |  1.000 |  0.850 | gcgCGGCGct                     | RAP2-6
 P$RAP210_04           |      243 (-) |  1.000 |  0.879 | gcgCGGCGct                     | RAP2-10
 P$ERF069_01           |      243 (-) |  1.000 |  0.995 | gcgCGGCGc                      | ERF069
 P$AT1G28160_02        |      243 (+) |  1.000 |  0.864 | gcgCGGCGctgctgt                | AT1G28160
 P$AT2G33710_01        |      243 (-) |  1.000 |  0.857 | gcgCGGCGctgctgt                | AT2G33710
 P$RAP26_06            |      243 (+) |  1.000 |  0.837 | gcgCGGCGctgctgt                | RAP2.6
 P$AT1G68550_03        |      243 (+) |  1.000 |  0.996 | gcgCGGCGc                      | AT1G68550
 F$STP1_01             |      244 (+) |  1.000 |  1.000 | cGCGGCgc                       | STP1
 P$ERF098_01           |      244 (-) |  1.000 |  0.895 | cGCGGCgc                       | ERF098
 P$RRTF1_02            |      244 (+) |  0.893 |  0.808 | cgCGGCGctg                     | RRTF1
 I$ADF1_01             |      245 (+) |  1.000 |  0.974 | gcggCGCTGc                     | Adf1
 V$RFX1_01             |      254 (-) |  0.982 |  0.934 | ctGTTCCtcagcccctg              | RFX1
 V$ETV5TCF3_01         |      254 (-) |  0.765 |  0.825 | ctgttcctcagCCCCTg              | Erm:E2A
 V$SPIB_Q3             |      257 (+) |  1.000 |  1.000 | TTCCTc                         | Spi-B
 V$ZNF614_03           |      259 (+) |  0.998 |  0.976 | cCTCAGcccctga                  | ZNF614
 V$LUMAN_02            |      260 (+) |  0.976 |  0.982 | CTCAGcccct                     | LUMAN
 V$ELK1SREBF2_02       |      263 (+) |  0.885 |  0.759 | agcccctgACGGGacgt              | Elk-1:SREBP-2
 V$CPBP_Q6             |      264 (+) |  1.000 |  1.000 | GCCCCtg                        | CPBP
 P$HBPA1_Q6_01         |      268 (-) |  1.000 |  0.885 | cTGACGggac                     | HBP-1a
 V$RFX3SREBF2_01       |      268 (-) |  0.835 |  0.783 | ctgaCGGGAcgttgctgt             | rfx3:SREBP-2
 V$XBP1_02             |      275 (-) |  1.000 |  0.908 | GACGTtgctgt                    | XBP-1
 V$FOXJ2_01            |      280 (-) |  1.000 |  0.981 | tgctgTGTTTatttcttc             | FOXJ2
 V$FREAC7_01           |      281 (-) |  1.000 |  0.981 | gctgtgTTTATttctt               | Freac-7
 V$HFH8_01             |      282 (+) |  1.000 |  0.983 | ctgTGTTTatttc                  | HFH8
 V$FOX_Q2              |      282 (+) |  1.000 |  0.922 | ctgTGTTTatttc                  | FOX
 V$HFH1_01             |      282 (+) |  1.000 |  0.937 | ctgtGTTTAttt                   | HFH1
 V$FOXP1_06            |      283 (+) |  1.000 |  0.996 | tgTGTTTat                      | FOXP1
 I$MIRR_01             |      285 (-) |  1.000 |  1.000 | TGTTT                          | mirr
 V$FOXC1_06            |      285 (-) |  1.000 |  1.000 | TGTTTat                        | Foxc1
 V$FOXM1_Q3_02         |      285 (+) |  1.000 |  1.000 | TGTTTattt                      | FOXM1
 V$HOXD12ETV4_01       |      286 (-) |  0.793 |  0.806 | gtttatttCTTCGgac               | HOXD12:PEA3
 V$CDX1_Q5             |      287 (+) |  1.000 |  1.000 | TTTATt                         | Cdx-1
 V$PARP_Q4             |      291 (+) |  1.000 |  1.000 | TTTCTt                         | PARP
 V$SPIB_Q3             |      292 (+) |  1.000 |  1.000 | TTCTTc                         | Spi-B
 F$PDR3_02             |      293 (-) |  0.800 |  0.750 | tctTCGGA                       | PDR3
 I$SOXN_01             |      296 (+) |  1.000 |  0.959 | tcggACAATgc                    | SoxN
 V$SOX6_01             |      297 (-) |  1.000 |  0.961 | cggACAATgc                     | Sox-6
 V$SOX17_Q2            |      298 (-) |  1.000 |  1.000 | gGACAA                         | Sox-17
 V$SOX10_Q3            |      300 (+) |  1.000 |  0.999 | ACAATgcc                       | Sox-10
 V$MAFG_Q3             |      301 (+) |  0.888 |  0.817 | caatgccTGAGCtga                | MafG
 F$MOT3_01             |      304 (-) |  1.000 |  1.000 | TGCCTg                         | MOT3
 P$PBF_Q2              |      323 (+) |  1.000 |  1.000 | aAAAGG                         | PBF
 P$PBF_Q2_01           |      323 (-) |  1.000 |  1.000 | aAAAGG                         | PBF

Inspecting sequence ID   eudEle_mCE967994

 V$LBP1_Q6             |        4 (-) |  1.000 |  1.000 | gcAGCTG                        | LBP-1
 V$MYOGENIN_Q6_01      |        5 (+) |  1.000 |  1.000 | CAGCTg                         | myogenin
 V$MYOGENIN_Q6_01      |        5 (-) |  1.000 |  1.000 | cAGCTG                         | myogenin
 I$SGF3_Q6             |        9 (-) |  1.000 |  1.000 | tGAATAa                        | SGF-3
 V$SRY_10              |        9 (+) |  0.602 |  0.737 | tgaataaTATTCa                  | SRY
 V$OCT1_02             |       11 (+) |  0.992 |  0.965 | aataaTATTCagcct                | Oct-1
 V$ZNF333_01           |       12 (+) |  1.000 |  1.000 | ATAAT                          | ZNF333
 V$GCM1ETV4_01         |       15 (-) |  0.855 |  0.792 | atattCAGCCtgtaa                | GCMa:PEA3
 P$MYB118_01           |       23 (-) |  1.000 |  0.827 | cctGTAACagaatcctc              | MYB118
 I$ARA_01              |       27 (+) |  1.000 |  1.000 | TAACA                          | ara
 I$CAUP_01             |       27 (+) |  1.000 |  1.000 | TAACA                          | caup
 F$PDR3_02             |       35 (+) |  0.800 |  0.750 | TCCTCtga                       | PDR3
 F$PDR3_02             |       38 (-) |  0.800 |  0.750 | tctGAGGA                       | PDR3
 P$CDF3_01             |       48 (+) |  1.000 |  0.996 | gAAAAGtgc                      | CDF3
 V$HES1_Q3             |       56 (+) |  0.996 |  0.993 | ctcTTGTGcac                    | HES-1
 V$GATA5_Q4            |       68 (-) |  1.000 |  1.000 | cAGATA                         | GATA-5
 V$AHR_Q6              |       74 (+) |  1.000 |  1.000 | CACGCa                         | AHR
 V$FOXK1_04            |       79 (+) |  1.000 |  0.959 | acaaaaACAACaacc                | FOXK1
 V$FOXJ1_04            |       80 (+) |  1.000 |  0.931 | caaaaACAACaacca                | FOXJ1
 V$FOXO1A_Q3           |       81 (-) |  1.000 |  1.000 | aaAAACAa                       | FOXO1A
 P$HMG1_01             |       81 (-) |  1.000 |  0.953 | aaaaACAAC                      | HMG-1
 I$MIRR_01             |       83 (+) |  1.000 |  1.000 | AAACA                          | mirr
 V$FOXO1A_Q5           |       83 (+) |  1.000 |  1.000 | AAACAa                         | FOXO1A
 V$SRY_Q6              |       83 (-) |  1.000 |  1.000 | aAACAA                         | SRY
 V$P73_Q6              |      103 (+) |  0.998 |  0.916 | gagcaaaCTTGCccagaact           | P73
 V$THAP1_03            |      111 (+) |  1.000 |  0.985 | tTGCCCaga                      | THAP1
 F$HSF_01              |      117 (+) |  1.000 |  1.000 | AGAAC                          | HSF
 V$VMAF_01             |      119 (-) |  1.000 |  0.896 | aacttctgggTCAGCtttt            | v-Maf
 V$TR4_04              |      120 (+) |  1.000 |  0.941 | acttctGGGTCa                   | TR4
 V$ERBETA_Q5_01        |      122 (-) |  1.000 |  0.991 | ttctgGGTCAgctt                 | ER-beta
 V$PPARG_06            |      122 (+) |  1.000 |  0.960 | ttctgGGTCAgc                   | PPARGAMMA
 P$ASR1_01             |      125 (-) |  1.000 |  1.000 | TGGGT                          | ASR-1
 V$RORBETA_Q2          |      125 (-) |  1.000 |  1.000 | tgGGTCA                        | RORbeta
 V$NR1B2_Q6            |      126 (-) |  1.000 |  1.000 | gGGTCAg                        | NR1B2
 V$ESR1_05             |      127 (-) |  1.000 |  0.994 | GGTCAgctt                      | ER-alpha
 P$TGA2_04             |      127 (-) |  0.816 |  0.837 | ggtcagcttttgaCATCAcc           | TGA2
 V$MAFB_01             |      128 (-) |  1.000 |  1.000 | gTCAGC                         | MafB
 V$RARG_01             |      128 (-) |  0.845 |  0.813 | gtcagctttTGACAtc               | RARG
 P$TGA7_02             |      131 (-) |  0.826 |  0.859 | agcttttGACATcaccc              | TGA7
 P$TGA6_02             |      132 (-) |  0.821 |  0.832 | gcttttgaCATCAcc                | TGA6
 V$CEBPG_Q6            |      133 (-) |  0.907 |  0.895 | cttttGACATcac                  | C/EBPgamma
 V$ATF1_03             |      133 (-) |  0.797 |  0.851 | cttttgACATCaccca               | Atf-1
 P$TGA5_02             |      133 (-) |  0.815 |  0.827 | cttttgaCATCAcc                 | TGA5
 I$EXD_01              |      134 (+) |  1.000 |  1.000 | tTTTGAca                       | exd
 V$ATF3_Q6             |      134 (+) |  0.881 |  0.902 | tttTGACAtcaccc                 | ATF3
 P$TGA7_02             |      134 (+) |  0.816 |  0.841 | ttttgACATCacccaca              | TGA7
 V$JUNFRA2_02          |      135 (+) |  0.874 |  0.859 | ttTGACAtcac                    | C-JUN:FRA-2
 P$TGA2_04             |      135 (+) |  0.820 |  0.853 | ttTGACAtcacccacaggaa           | TGA2
 P$TGA5_02             |      135 (+) |  0.821 |  0.857 | ttTGACAtcaccca                 | TGA5
 P$TGA6_02             |      135 (+) |  0.824 |  0.856 | ttTGACAtcacccac                | TGA6
 P$TGA1_02             |      135 (-) |  0.834 |  0.860 | tttGACATcacccac                | TGA1
 V$CREB1_04            |      135 (+) |  0.881 |  0.926 | tttGACATcacc                   | CREB1
 V$CREB1_04            |      135 (-) |  0.881 |  0.926 | tttgACATCacc                   | CREB1
 V$ATF4_Q5             |      135 (+) |  0.992 |  0.973 | tttgaCATCAcc                   | ATF-4
 V$MEQCJUN_02          |      136 (-) |  0.867 |  0.831 | ttGACATcacc                    | MEQ:c-Jun
 V$JUND_01             |      136 (+) |  0.868 |  0.906 | ttgaCATCA                      | JunD
 V$ATF1_06             |      136 (-) |  0.957 |  0.959 | ttgaCATCAcc                    | ATF-1
 V$CREB1_05            |      136 (-) |  1.000 |  0.993 | ttgaCATCAccc                   | CREB1
 V$ATF2_02             |      136 (-) |  1.000 |  0.983 | ttgaCATCAcc                    | ATF-2
 V$ATF2_03             |      136 (-) |  1.000 |  0.983 | ttgaCATCAcc                    | ATF-2
 V$CREBP1CJUN_01       |      137 (+) |  0.848 |  0.891 | tGACATca                       | ATF2:c-Jun
 P$AT1G77200_03        |      142 (+) |  0.797 |  0.829 | tcaCCCACaggaat                 | AT1G77200
 P$ASR1_01             |      144 (+) |  1.000 |  1.000 | ACCCA                          | ASR-1
 V$EGR3_Q3             |      144 (-) |  1.000 |  1.000 | aCCCAC                         | egr-3
 V$FOXO1ETV7_01        |      144 (+) |  1.000 |  0.757 | acccACAGGaatgaaatcaga          | FOXO1A:ETV7
 F$MET28_01            |      146 (-) |  1.000 |  1.000 | cCACAG                         | MET28
 V$GATAD2A_01          |      147 (-) |  1.000 |  1.000 | CACAGg                         | GATAD2A
 V$ELK1SPDEF_01        |      148 (+) |  0.738 |  0.777 | acaggaatgaaATCAGac             | Elk-1:PDEF
 V$TEF1_Q6             |      151 (+) |  1.000 |  1.000 | GGAATg                         | TEF-1
 V$SIX2_04             |      155 (+) |  1.000 |  0.965 | TGAAAtcagacac                  | Six-2
 V$SIX2_05             |      155 (+) |  1.000 |  0.968 | TGAAAtcagacacc                 | Six-2
 V$SIX4_03             |      155 (+) |  1.000 |  0.971 | TGAAAtcagacacc                 | Six-4
 V$CUX1TBX21_01        |      159 (+) |  0.799 |  0.786 | atcagacaccgACCAAtg             | CDP:T-bet
 P$CBF3_02             |      162 (+) |  1.000 |  0.964 | agacaCCGACcaat                 | CBF3
 P$AT5G67190_01        |      164 (+) |  1.000 |  1.000 | ACACCgacca                     | AT5G67190
 P$AT1G77200_03        |      164 (+) |  1.000 |  0.888 | acaCCGACcaatga                 | AT1G77200
 P$DREB1B_01           |      167 (+) |  1.000 |  1.000 | CCGAC                          | DREB1B
 V$YB1_Q4              |      167 (+) |  1.000 |  0.986 | ccgaCCAATga                    | YB-1
 P$LBD2_01             |      167 (+) |  0.658 |  0.808 | ccgaccaatgAGGCA                | LBD2
 V$ALPHACP1_01         |      168 (+) |  1.000 |  0.904 | cgaCCAATgag                    | alpha-CP1
 V$GEN_INI3_B          |      172 (-) |  0.988 |  0.989 | CAATGagg                       | GEN_INI
 V$CTCF_06             |      181 (+) |  1.000 |  0.966 | ACCAGgaggc                     | CTCF
 V$HSF4_Q3             |      190 (-) |  1.000 |  1.000 | ctGGCAG                        | HSF4
 V$FOXJ2_01            |      197 (+) |  1.000 |  0.985 | cacaaaatAAACAaaagc             | FOXJ2
 V$FREAC7_01           |      198 (+) |  1.000 |  0.982 | acaaaATAAAcaaaag               | Freac-7
 V$FOXP1_05            |      198 (-) |  1.000 |  0.947 | acaaaatAAACAa                  | FOXP1
 I$BRCZ1_01            |      198 (+) |  1.000 |  0.941 | acaaaataaACAAAagct             | BR-C
 I$FD59A_01            |      199 (+) |  1.000 |  0.982 | caaaatAAACAaa                  | fd59A
 I$BRCZ4_01            |      200 (+) |  1.000 |  0.992 | aaaATAAAcaaaa                  | BR-C
 V$XFD2_01             |      200 (+) |  1.000 |  0.960 | aaaATAAAcaaaag                 | XFD-2
 V$HFH3_01             |      200 (-) |  1.000 |  0.980 | aaaatAAACAaaa                  | HFH3
 V$HFH8_01             |      200 (-) |  1.000 |  0.985 | aaaatAAACAaaa                  | HFH8
 V$FOX_Q2              |      200 (-) |  1.000 |  0.963 | aaaatAAACAaaa                  | FOX
 V$FOXJ1_03            |      200 (+) |  1.000 |  0.981 | aaaatAAACAaaagct               | FOXJ1
 V$FOXC2_03            |      200 (+) |  1.000 |  0.958 | aaaatAAACAaa                   | FOXC2
 V$FOXO3A_Q3           |      200 (+) |  1.000 |  0.999 | aaaatAAACAaaa                  | FOXO3A
 I$SLP1_02             |      200 (+) |  1.000 |  0.976 | aaaatAAACAaa                   | Slp1
 V$FOXO3_01            |      200 (-) |  1.000 |  0.917 | aaaataAACAAaag                 | FOXO3
 V$HFH1_01             |      201 (-) |  1.000 |  0.966 | aaaTAAACaaaa                   | HFH1
 V$FOXM1_Q3_02         |      201 (-) |  1.000 |  1.000 | aaatAAACA                      | FOXM1
 V$FOXD3_01            |      201 (-) |  1.000 |  0.956 | aaataAACAAaa                   | FOXD3
 V$CDX1_Q5             |      202 (-) |  1.000 |  1.000 | aATAAA                         | Cdx-1
 V$FOXO1_01            |      202 (+) |  1.000 |  1.000 | aatAAACAaa                     | FOXO1
 V$FOXO3A_Q1           |      202 (+) |  1.000 |  0.971 | aatAAACAaaag                   | FOXO3A
 V$SOX9_Q5             |      202 (+) |  1.000 |  0.956 | aataaACAAAagctgag              | Sox-9
 V$FOXP3_01            |      203 (+) |  1.000 |  1.000 | atAAACAa                       | FOXP3
 V$FOXJ3_07            |      203 (+) |  1.000 |  0.989 | atAAACAa                       | FOXJ3
 V$FOXC1_06            |      203 (+) |  1.000 |  1.000 | atAAACA                        | Foxc1
 V$FOXM1_Q6            |      203 (-) |  1.000 |  1.000 | atAAACAa                       | Foxm1
 V$FOXP1_06            |      203 (-) |  1.000 |  1.000 | atAAACAaa                      | FOXP1
 V$SOX6_Q5             |      204 (+) |  1.000 |  0.989 | taaACAAAagc                    | Sox-6
 V$SRY_01              |      205 (+) |  1.000 |  1.000 | AAACAaa                        | SRY
 I$MIRR_01             |      205 (+) |  1.000 |  1.000 | AAACA                          | mirr
 V$FOXO1A_Q5           |      205 (+) |  1.000 |  1.000 | AAACAa                         | FOXO1A
 V$SRY_Q6              |      205 (-) |  1.000 |  1.000 | aAACAA                         | SRY
 V$SOX4_Q5             |      206 (+) |  1.000 |  1.000 | AACAAa                         | Sox-4
 V$LFA1_Q6             |      214 (-) |  0.986 |  0.990 | ctgAGCCC                       | LF-A1
 V$HNRPUL1_01          |      218 (+) |  1.000 |  1.000 | gCCCAGg                        | HNRPUL1
 V$HBP1_04             |      224 (-) |  0.913 |  0.929 | ggtttacAATGAgagag              | HBP1
 V$SOX10_Q6_01         |      228 (+) |  1.000 |  1.000 | tACAATg                        | Sox-10
 V$SRY_12              |      228 (+) |  1.000 |  0.984 | tACAATga                       | SRY
 V$HELIOS_02           |      235 (+) |  1.000 |  0.917 | agagagggAAGTGgaag              | HELIOS
 V$ETS2_03             |      237 (+) |  1.000 |  0.987 | agagGGAAGtgga                  | c-Ets-2
 V$PET1_03             |      238 (+) |  1.000 |  0.982 | gagGGAAGtg                     | Pet-1
 V$PET1_04             |      238 (+) |  1.000 |  0.982 | gagGGAAGtg                     | Pet-1
 V$IRF4_07             |      240 (+) |  1.000 |  0.969 | gGGAAGtgg                      | IRF-4
 V$DREF_02             |      240 (-) |  1.000 |  0.966 | gggAAGTGgaag                   | DREF
 V$ELK1_Q6             |      241 (+) |  1.000 |  1.000 | GGAAGt                         | Elk-1
 V$NKX25_Q5            |      241 (-) |  1.000 |  0.977 | ggAAGTGgaa                     | CSX
 V$FOXO1ETV7_01        |      245 (-) |  0.586 |  0.762 | gtggaagagactATTGTtcca          | FOXO1A:ETV7
 V$ZNF35_04            |      247 (+) |  1.000 |  1.000 | gGAAGA                         | ZNF35
 V$SOX15_03            |      251 (-) |  1.000 |  0.984 | gagactATTGTtccaaa              | Sox-15
 V$SOX30_03            |      251 (-) |  1.000 |  0.982 | gagactATTGTtccaa               | Sox-30
 V$SOX13_03            |      252 (-) |  1.000 |  0.979 | agactATTGTtccaaa               | Sox-13
 V$SOX21_04            |      252 (+) |  1.000 |  0.983 | agactATTGTtccaaag              | Sox-21
 V$SRY_05              |      252 (-) |  1.000 |  0.989 | agactATTGTtccaaag              | SRY
 V$SOX9_B1             |      253 (-) |  1.000 |  0.977 | gactATTGTtccaa                 | Sox-9
 P$HSFA4A_01           |      254 (+) |  1.000 |  1.000 | aCTATT                         | HSFA4A
 V$SOX9_02             |      255 (-) |  1.000 |  0.995 | ctATTGTtc                      | Sox-9
 I$SOXN_01             |      255 (-) |  1.000 |  0.932 | ctATTGTtcca                    | SoxN
 V$SRY_12              |      255 (-) |  1.000 |  1.000 | ctATTGTt                       | SRY
 V$SOX17_Q2            |      258 (+) |  1.000 |  1.000 | TTGTTc                         | Sox-17
 V$SOX18_Q5            |      264 (+) |  1.000 |  1.000 | CAAAGgc                        | Sox-18
 V$SRY_10              |      274 (-) |  0.804 |  0.747 | tAAATGatgttgc                  | SRY
 V$XFD1_01             |      285 (-) |  0.959 |  0.927 | gctgtaTTTATttc                 | XFD-1
 I$EMS_02              |      288 (+) |  0.917 |  0.939 | gtATTTAt                       | Ems
 V$MEF2C_Q4            |      289 (+) |  1.000 |  1.000 | TATTTat                        | MEF-2C
 V$SATB1_Q5_01         |      290 (+) |  1.000 |  1.000 | aTTTAT                         | SATB1
 V$CDX1_Q5             |      291 (+) |  1.000 |  1.000 | TTTATt                         | Cdx-1
 V$NFATC1_03           |      294 (+) |  0.832 |  0.781 | atttcttTGGACaa                 | NFATc1
 V$PARP_Q4             |      295 (+) |  1.000 |  1.000 | TTTCTt                         | PARP
 V$RXRRAR_01           |      301 (-) |  0.979 |  0.833 | tggacaatgccTGAACt              | RXR:RAR
 V$SOX17_Q2            |      302 (-) |  1.000 |  1.000 | gGACAA                         | Sox-17
 V$SOX10_Q3            |      304 (+) |  1.000 |  0.999 | ACAATgcc                       | Sox-10
 V$TEAD4ELK1_03        |      305 (+) |  0.815 |  0.808 | caatgCCTGAact                  | TEF-3:Elk-1
 F$MOT3_01             |      308 (-) |  1.000 |  1.000 | TGCCTg                         | MOT3
 F$YBR239C_02          |      309 (+) |  0.800 |  0.806 | gcCTGAAc                       | Ybr239c
 V$GEN_INI2_B          |      314 (-) |  0.998 |  0.998 | AACTGagg                       | GEN_INI
 V$GEN_INI3_B          |      314 (-) |  0.993 |  0.994 | AACTGagg                       | GEN_INI
 V$GEN_INI_B           |      314 (-) |  0.995 |  0.995 | AACTGagg                       | GEN_INI
 V$TCF4_Q5             |      321 (+) |  1.000 |  0.992 | gCTTTGaa                       | TCF-4
 V$LEF1_Q2             |      322 (-) |  1.000 |  1.000 | CTTTGa                         | TCF-7
 V$TCF3_Q6             |      322 (+) |  1.000 |  1.000 | CTTTGa                         | TCF-3
 P$PBF_Q2              |      327 (+) |  1.000 |  1.000 | aAAAGG                         | PBF
 P$PBF_Q2_01           |      327 (-) |  1.000 |  1.000 | aAAAGG                         | PBF

Inspecting sequence ID   anoDid_mCE967994

 V$ZNF253_03           |        2 (+) |  0.983 |  0.972 | tTGCAGccga                     | ZNF253
 I$DEAF_01             |        6 (-) |  1.000 |  1.000 | aGCCGAa                        | DEAF
 I$DEAF1_01            |        7 (-) |  1.000 |  0.998 | gCCGAA                         | Deaf1
 V$OCT1_02             |       11 (+) |  0.992 |  0.963 | aataaTATTCagccg                | Oct-1
 V$ZNF333_01           |       12 (+) |  1.000 |  1.000 | ATAAT                          | ZNF333
 F$RDS1_01             |       13 (+) |  0.822 |  0.782 | taatattCAGCCggtaacag           | Rds1p
 F$RDS1_01             |       13 (-) |  0.822 |  0.784 | taatattcAGCCGgtaacag           | Rds1p
 V$GCM1ETV4_01         |       15 (-) |  0.855 |  0.793 | atattCAGCCggtaa                | GCMa:PEA3
 I$ARA_01              |       27 (+) |  1.000 |  1.000 | TAACA                          | ara
 I$CAUP_01             |       27 (+) |  1.000 |  1.000 | TAACA                          | caup
 V$ETS1_03             |       28 (-) |  0.659 |  0.812 | aacAGAATcccctccggc             | ETS1
 V$GTF2IRD1_01         |       30 (-) |  0.930 |  0.938 | caGAATCcc                      | GTF2IRD1-isoform2
 F$FACBCA_Q2           |       30 (-) |  1.000 |  0.931 | cagaATCCCctccggcctggaaagcg     | FACB
 V$MZF1_07             |       30 (-) |  1.000 |  0.986 | cagaaTCCCCtcc                  | MZF-1
 F$FACBCA_Q2           |       30 (+) |  0.911 |  0.910 | cagaatcccctccggccTGGAAagcg     | FACB
 P$ERF9_01             |       35 (-) |  0.844 |  0.760 | tcccCTCCGgcctggaaagcg          | ERF9
 V$NFATC1_02           |       38 (-) |  0.710 |  0.799 | CCTCCggcctggaaa                | NFATc1
 V$ZFP536_02           |       38 (-) |  1.000 |  1.000 | cCTCCGg                        | Zfp536
 F$RDS1_02             |       41 (-) |  1.000 |  0.850 | cCGGCCt                        | Rds1p
 V$PAX6_Q2             |       41 (+) |  1.000 |  0.783 | ccggccTGGAAagc                 | Pax-6
 P$LBD23_01            |       43 (-) |  0.738 |  0.856 | gGCCTGgaaagcgct                | LBD23
 V$E2F3EOMES_01        |       45 (-) |  0.695 |  0.732 | cctggaaagcGCTCTcgtgcacac       | E2F-3:TBR2
 V$ZF5_B               |       48 (+) |  0.919 |  0.870 | ggaaagCGCTCtc                  | ZF5
 F$STP4_02             |       49 (+) |  0.800 |  0.808 | gaAAGCGct                      | Stp4p
 V$E2F1HES7_02         |       51 (-) |  0.743 |  0.779 | aagcgctctcgtgCACACggg          | E2F-1:HES-7
 F$STP4_02             |       52 (-) |  0.800 |  0.808 | agCGCTCtc                      | Stp4p
 V$E2F1HES7_02         |       53 (-) |  0.932 |  0.743 | gcgctctcgtgcaCACGGgtg          | E2F-1:HES-7
 V$DEC1_05             |       56 (-) |  0.843 |  0.872 | ctCTCGTgca                     | DEC1
 V$HES1_Q3             |       56 (+) |  0.996 |  0.993 | ctcTCGTGcac                    | HES-1
 V$HES1_02             |       56 (-) |  0.965 |  0.961 | ctcTCGTGca                     | Hes1
 V$E2F1HES7_02         |       56 (+) |  0.931 |  0.776 | ctcTCGTGcacacgggtgcac          | E2F-1:HES-7
 F$UPC2CA_01           |       57 (+) |  0.911 |  0.935 | tctCGTGCacac                   | UPC2
 V$MTF1_05             |       58 (-) |  1.000 |  0.969 | ctcgTGCACacgggtg               | MTF-1
 V$MTF1_Q5             |       61 (-) |  1.000 |  0.995 | gTGCACacgg                     | MTF-1
 V$HES1_Q3             |       61 (-) |  1.000 |  0.988 | gtgCACACggg                    | HES-1
 F$RAP1_01             |       63 (+) |  0.914 |  0.873 | gcacacgGGTGCacgcacaa           | RAP1
 V$HES1_02             |       64 (+) |  0.960 |  0.952 | caCACGGgtg                     | Hes1
 V$ZF5_B               |       70 (+) |  0.919 |  0.849 | ggtgcaCGCACaa                  | ZF5
 V$AHRARNT_01          |       71 (-) |  1.000 |  0.955 | gtgCACGCacaaagac               | AhR:Arnt
 V$AHR_Q6              |       74 (+) |  1.000 |  1.000 | CACGCa                         | AHR
 V$SOX4_05             |       75 (-) |  1.000 |  0.949 | acgcACAAAgac                   | Sox-4
 V$SOX10_Q6            |       78 (-) |  1.000 |  1.000 | cACAAAg                        | Sox-10
 V$SOX10_Q6_01         |       78 (+) |  1.000 |  1.000 | cACAAAg                        | Sox-10
 V$SOX10_01            |       79 (-) |  1.000 |  1.000 | ACAAAg                         | Sox-10
 V$SOX4_Q5_02          |       79 (-) |  1.000 |  1.000 | ACAAAga                        | Sox-4
 V$TCF1_Q5             |       79 (-) |  1.000 |  1.000 | aCAAAG                         | TCF-1
 V$FOXJ1_04            |       80 (+) |  1.000 |  0.927 | caaagACAACaactg                | FOXJ1
 P$HMG1_01             |       84 (-) |  1.000 |  0.963 | gacaACAAC                      | HMG-1
 P$TRP1_01             |       87 (+) |  0.798 |  0.692 | aacaacTGAACgctaaaagcaaa        | TRP1
 P$TRP2_01             |       87 (+) |  0.629 |  0.685 | aacaactGAACGctaaaagc           | TRP2
 P$MYB3R1_01           |       93 (-) |  0.845 |  0.802 | tgAACGCtaaaagca                | MYB3R1
 P$MYB3R4_01           |       93 (-) |  0.830 |  0.791 | tgAACGCtaaaagca                | MYB3R4
 F$STP4_02             |       95 (-) |  1.000 |  0.921 | aaCGCTAaa                      | Stp4p
 V$E2F_Q3              |       96 (-) |  0.917 |  0.865 | acGCTAAa                       | E2F
 V$E2F_Q4              |       96 (-) |  0.918 |  0.899 | acGCTAAa                       | E2F
 V$FOXC1_Q4            |      100 (-) |  1.000 |  1.000 | taaaAGCAA                      | Foxc1
 V$FOXA1_02            |      102 (+) |  0.929 |  0.944 | aaaGCAAAc                      | HNF-3alpha
 P$CBNAC_01            |      103 (-) |  1.000 |  1.000 | AAGCAa                         | CBNAC
 V$ZIC3_05             |      107 (-) |  1.000 |  0.926 | aaactTGCTGggaac                | ZIC3
 V$STAT3STAT3_Q3       |      111 (+) |  1.000 |  0.960 | ttgctGGGAActtc                 | STAT3:STAT3
 V$STAT3_11            |      111 (-) |  1.000 |  0.922 | ttgctGGGAAc                    | STAT3
 V$IK3_01              |      112 (+) |  1.000 |  0.896 | tgctGGGAActtc                  | Ik-3
 V$RELA_03             |      113 (+) |  1.000 |  0.979 | gCTGGGaactt                    | RelA-p65
 V$IRF4_08             |      117 (-) |  1.000 |  0.934 | ggAACTT                        | IRF-4
 V$VMAF_01             |      119 (-) |  1.000 |  0.869 | aacttcggggTCAGCtttt            | v-Maf
 V$HNF4A_04            |      120 (+) |  1.000 |  0.950 | acttcgGGGTCagcttt              | HNF4-alpha
 V$TR4_04              |      120 (+) |  1.000 |  0.957 | acttcgGGGTCa                   | TR4
 V$RARA_04             |      120 (+) |  1.000 |  0.959 | acttcggGGTCAgctt               | RARA
 I$DEAF1_01            |      122 (+) |  1.000 |  1.000 | TTCGGg                         | Deaf1
 V$ERBETA_Q5_01        |      122 (-) |  1.000 |  0.977 | ttcggGGTCAgctt                 | ER-beta
 V$NR2C2_04            |      123 (-) |  1.000 |  0.990 | tcGGGGT                        | TR4
 V$LFA1_Q6             |      125 (+) |  1.000 |  1.000 | GGGGTcag                       | LF-A1
 V$NR1B2_Q6            |      126 (-) |  1.000 |  1.000 | gGGTCAg                        | NR1B2
 V$ESR1_05             |      127 (-) |  1.000 |  0.994 | GGTCAgctt                      | ER-alpha
 V$ZNF667_05           |      127 (-) |  0.879 |  0.825 | ggtCAGCTtttgccgtcgc            | ZNF667
 V$MAFB_01             |      128 (-) |  1.000 |  1.000 | gTCAGC                         | MafB
 V$SP100_04            |      132 (-) |  0.942 |  0.925 | gcttttgcCGTCGcg                | SP100
 P$CBF1_01             |      136 (+) |  1.000 |  0.940 | tTGCCGtcgc                     | CBF1
 P$ERF11_01            |      136 (+) |  0.981 |  0.969 | tTGCCGtcgc                     | ERF11
 P$AT1G68550_03        |      136 (-) |  0.946 |  0.913 | tTGCCGtcg                      | AT1G68550
 P$ERF098_01           |      136 (+) |  0.988 |  0.986 | ttGCCGTc                       | ERF098
 F$RSC3_01             |      136 (-) |  1.000 |  0.804 | ttgccgtCGCGCagaggaatg          | Rsc3p
 P$ERF8_01             |      137 (+) |  0.967 |  0.954 | TGCCGtcgcg                     | ERF8
 P$ERF7_02             |      137 (+) |  0.991 |  0.976 | tGCCGTcgcg                     | ERF7
 P$ANAC042_01          |      137 (+) |  1.000 |  0.832 | tGCCGTcgcgcagaggaatg           | ANAC042
 P$ANAC094_01          |      137 (+) |  1.000 |  0.819 | tGCCGTcgcgcagaggaa             | ANAC094
 P$RRTF1_02            |      137 (-) |  0.866 |  0.802 | tgcCGTCGcg                     | RRTF1
 I$MAD_Q6              |      138 (-) |  1.000 |  1.000 | gcCGTCGc                       | MAD
 V$SP100_04            |      138 (+) |  1.000 |  0.934 | gcCGTCGcgcagagg                | SP100
 P$HSFA1E_01           |      139 (+) |  0.996 |  0.997 | cCGTCG                         | HSFA1E
 V$E2F1_Q3             |      140 (+) |  1.000 |  0.976 | cgTCGCGc                       | E2F-1
 V$ZFP161_04           |      141 (+) |  1.000 |  0.928 | gtCGCGCagaggaa                 | ZF5
 V$TEF1_Q6_04          |      147 (-) |  1.000 |  0.976 | cagaGGAATga                    | TEF-1
 V$TEF_01              |      147 (-) |  1.000 |  0.932 | cagagGAATGaa                   | TEF
 I$CHES1L_02           |      147 (+) |  0.800 |  0.822 | cagaggaatGAAGCcagacccca        | CHES1L
 V$SPIB_Q3             |      149 (-) |  1.000 |  1.000 | gAGGAA                         | Spi-B
 V$TEF1_Q6_03          |      149 (+) |  1.000 |  0.974 | gaGGAATga                      | TEF-1
 V$TEF1_Q6             |      151 (+) |  1.000 |  1.000 | GGAATg                         | TEF-1
 V$P300_Q5             |      154 (-) |  0.996 |  0.997 | atgaaGCCAG                     | p300
 V$LFA1_Q6             |      161 (-) |  1.000 |  0.981 | cagACCCC                       | LF-A1
 F$ADR1_01             |      164 (-) |  1.000 |  1.000 | ACCCCa                         | Adr1p
 V$PAX5_01             |      164 (+) |  1.000 |  0.827 | accccaacCAATGaggcaccgcgaggct   | Pax-5
 V$YB1_Q4              |      167 (+) |  1.000 |  0.988 | ccaaCCAATga                    | YB-1
 V$NFYC_01             |      167 (+) |  1.000 |  0.969 | ccaaCCAATgaggc                 | NF-YC
 V$NFY_Q6              |      168 (+) |  1.000 |  0.980 | caaCCAATgag                    | NF-Y
 V$ALPHACP1_01         |      168 (+) |  1.000 |  0.972 | caaCCAATgag                    | alpha-CP1
 V$GEN_INI3_B          |      172 (-) |  0.988 |  0.989 | CAATGagg                       | GEN_INI
 F$RSC3_01             |      176 (-) |  0.869 |  0.798 | gaggcacCGCGAggctggcag          | Rsc3p
 V$ZBTB33_08           |      176 (+) |  1.000 |  0.880 | gaggcacCGCGAggc                | Kaiso
 V$IRF6_04             |      178 (-) |  0.941 |  0.911 | ggcacCGCGAggctg                | IRF6
 V$E2F1HES7_02         |      181 (+) |  0.819 |  0.723 | accGCGAGgctggcagcacaa          | E2F-1:HES-7
 V$HSF4_Q3             |      190 (-) |  1.000 |  1.000 | ctGGCAG                        | HSF4
 V$FOXJ2_01            |      197 (+) |  1.000 |  0.985 | cacaaaatAAACAaaagc             | FOXJ2
 V$FREAC7_01           |      198 (+) |  1.000 |  0.982 | acaaaATAAAcaaaag               | Freac-7
 V$FOXP1_05            |      198 (-) |  1.000 |  0.947 | acaaaatAAACAa                  | FOXP1
 I$BRCZ1_01            |      198 (+) |  1.000 |  0.941 | acaaaataaACAAAagct             | BR-C
 I$FD59A_01            |      199 (+) |  1.000 |  0.982 | caaaatAAACAaa                  | fd59A
 I$BRCZ4_01            |      200 (+) |  1.000 |  0.992 | aaaATAAAcaaaa                  | BR-C
 V$XFD2_01             |      200 (+) |  1.000 |  0.960 | aaaATAAAcaaaag                 | XFD-2
 V$HFH3_01             |      200 (-) |  1.000 |  0.980 | aaaatAAACAaaa                  | HFH3
 V$HFH8_01             |      200 (-) |  1.000 |  0.985 | aaaatAAACAaaa                  | HFH8
 V$FOX_Q2              |      200 (-) |  1.000 |  0.963 | aaaatAAACAaaa                  | FOX
 V$FOXJ1_03            |      200 (+) |  1.000 |  0.981 | aaaatAAACAaaagct               | FOXJ1
 V$FOXC2_03            |      200 (+) |  1.000 |  0.958 | aaaatAAACAaa                   | FOXC2
 V$FOXO3A_Q3           |      200 (+) |  1.000 |  0.999 | aaaatAAACAaaa                  | FOXO3A
 I$SLP1_02             |      200 (+) |  1.000 |  0.976 | aaaatAAACAaa                   | Slp1
 V$FOXO3_01            |      200 (-) |  1.000 |  0.917 | aaaataAACAAaag                 | FOXO3
 V$HFH1_01             |      201 (-) |  1.000 |  0.966 | aaaTAAACaaaa                   | HFH1
 V$FOXM1_Q3_02         |      201 (-) |  1.000 |  1.000 | aaatAAACA                      | FOXM1
 V$FOXD3_01            |      201 (-) |  1.000 |  0.956 | aaataAACAAaa                   | FOXD3
 V$CDX1_Q5             |      202 (-) |  1.000 |  1.000 | aATAAA                         | Cdx-1
 V$FOXO1_01            |      202 (+) |  1.000 |  1.000 | aatAAACAaa                     | FOXO1
 V$FOXO3A_Q1           |      202 (+) |  1.000 |  0.971 | aatAAACAaaag                   | FOXO3A
 V$SOX9_Q5             |      202 (+) |  1.000 |  0.948 | aataaACAAAagctggg              | Sox-9
 V$FOXP3_01            |      203 (+) |  1.000 |  1.000 | atAAACAa                       | FOXP3
 V$FOXJ3_07            |      203 (+) |  1.000 |  0.989 | atAAACAa                       | FOXJ3
 V$FOXC1_06            |      203 (+) |  1.000 |  1.000 | atAAACA                        | Foxc1
 V$FOXM1_Q6            |      203 (-) |  1.000 |  1.000 | atAAACAa                       | Foxm1
 V$FOXP1_06            |      203 (-) |  1.000 |  1.000 | atAAACAaa                      | FOXP1
 V$SOX6_Q5             |      204 (+) |  1.000 |  0.989 | taaACAAAagc                    | Sox-6
 V$SRY_01              |      205 (+) |  1.000 |  1.000 | AAACAaa                        | SRY
 I$MIRR_01             |      205 (+) |  1.000 |  1.000 | AAACA                          | mirr
 V$FOXO1A_Q5           |      205 (+) |  1.000 |  1.000 | AAACAa                         | FOXO1A
 V$SRY_Q6              |      205 (-) |  1.000 |  1.000 | aAACAA                         | SRY
 V$SOX4_Q5             |      206 (+) |  1.000 |  1.000 | AACAAa                         | Sox-4
 V$REST_13             |      217 (-) |  0.797 |  0.736 | ggcccGGCGCtcgcagt              | REST
 P$RRTF1_02            |      218 (-) |  1.000 |  0.777 | gccCGGCGct                     | RRTF1
 P$RAP210_04           |      218 (-) |  1.000 |  0.794 | gccCGGCGct                     | RAP2-10
 P$ERF069_01           |      218 (-) |  1.000 |  0.989 | gccCGGCGc                      | ERF069
 P$AT1G68550_03        |      218 (+) |  1.000 |  0.956 | gccCGGCGc                      | AT1G68550
 P$LOB_01              |      219 (-) |  1.000 |  0.745 | ccCGGCGctcgcagtgaggga          | LOB
 P$HSFA1E_01           |      220 (+) |  1.000 |  1.000 | cCGGCG                         | HSFA1E
 V$ZF5_01              |      221 (-) |  0.961 |  0.900 | cggCGCTC                       | ZF5
 F$STP4_02             |      222 (-) |  0.800 |  0.806 | ggCGCTCgc                      | Stp4p
 V$ZBTB4_04            |      223 (-) |  1.000 |  0.922 | gcgctcgCAGTGaggg               | ZBTB3
 V$TFAP2CELK1_01       |      228 (+) |  0.824 |  0.770 | cgcagtgagggaGGGAAgtg           | AP-2gamma:Elk-1
 V$NFE4_Q5_01          |      232 (+) |  1.000 |  1.000 | gTGAGGg                        | NF-E4
 V$GCM1ERG_01          |      232 (+) |  0.907 |  0.823 | gtgaGGGAGggaagt                | GCMa:Erg
 V$GKLF_Q4             |      235 (-) |  1.000 |  1.000 | agGGAGG                        | GKLF
 V$ETS2_03             |      237 (+) |  1.000 |  0.991 | ggagGGAAGtgga                  | c-Ets-2
 V$ETS2_04             |      237 (+) |  1.000 |  0.991 | ggagGGAAGtgga                  | c-Ets-2
 V$PET1_03             |      238 (+) |  1.000 |  0.982 | gagGGAAGtg                     | Pet-1
 V$PET1_04             |      238 (+) |  1.000 |  0.982 | gagGGAAGtg                     | Pet-1
 V$IRF4_07             |      240 (+) |  1.000 |  0.969 | gGGAAGtgg                      | IRF-4
 V$DREF_02             |      240 (-) |  1.000 |  0.966 | gggAAGTGgaag                   | DREF
 V$ELK1_Q6             |      241 (+) |  1.000 |  1.000 | GGAAGt                         | Elk-1
 V$NKX25_Q5            |      241 (-) |  1.000 |  0.977 | ggAAGTGgaa                     | CSX
 V$ZNF35_04            |      247 (+) |  1.000 |  1.000 | gGAAGA                         | ZNF35
 V$SOX9_11             |      248 (+) |  0.991 |  0.910 | gaagagaccATTGTtc               | Sox-9
 V$ELK1PAX1_01         |      248 (-) |  1.000 |  0.717 | gaagagaccattgTTCCGaa           | Elk-1:Pax-1
 V$ELK1PAX5_01         |      248 (-) |  1.000 |  0.695 | gaagagaccattgTTCCGaa           | Elk-1:Pax-5
 V$ELK1PAX9_01         |      248 (-) |  1.000 |  0.722 | gaagagaccattgTTCCGaa           | Elk-1:Pax-9
 V$SOX30_03            |      251 (-) |  1.000 |  0.988 | gagaccATTGTtccga               | Sox-30
 V$SOX21_04            |      252 (+) |  1.000 |  0.972 | agaccATTGTtccgaaa              | Sox-21
 V$SRY_05              |      252 (-) |  1.000 |  0.987 | agaccATTGTtccgaaa              | SRY
 V$SOX9_B1             |      253 (-) |  1.000 |  0.992 | gaccATTGTtccga                 | Sox-9
 V$SOX13_05            |      253 (-) |  1.000 |  1.000 | gaccATTGTtc                    | SOX13
 V$SOX17_11            |      254 (+) |  1.000 |  0.986 | accATTGTtcc                    | Sox-17
 V$SOX9_02             |      255 (-) |  1.000 |  1.000 | ccATTGTtc                      | Sox-9
 V$SOX6_01             |      255 (+) |  1.000 |  0.986 | ccATTGTtcc                     | Sox-6
 I$SOXN_01             |      255 (-) |  1.000 |  0.940 | ccATTGTtccg                    | SoxN
 V$SRY_12              |      255 (-) |  1.000 |  0.999 | ccATTGTt                       | SRY
 F$YBR239C_01          |      255 (+) |  0.802 |  0.819 | ccattgtTCCGAaagctttt           | Ybr239c
 F$YBR239C_01          |      255 (-) |  0.802 |  0.878 | ccattgttCCGAAagctttt           | Ybr239c
 F$PDR1_01             |      255 (-) |  0.885 |  0.900 | ccattgttCCGAAagctttt           | Pdr1p
 V$SOX10_Q6_01         |      256 (-) |  1.000 |  1.000 | cATTGTt                        | Sox-10
 V$SOX17_Q2            |      258 (+) |  1.000 |  1.000 | TTGTTc                         | Sox-17
 V$CEBPB_08            |      259 (+) |  0.926 |  0.897 | tgTTCCGaaag                    | C/EBPBETA
 V$ZNF285_02           |      259 (+) |  0.994 |  0.997 | tgttccgAAAGC                   | ZNF285
 F$YBR239C_02          |      260 (-) |  1.000 |  0.989 | gTTCCGaa                       | Ybr239c
 V$CEBPB_08            |      260 (-) |  0.938 |  0.891 | gttcCGAAAgc                    | C/EBPBETA
 V$ELK1PAX5_01         |      270 (-) |  0.602 |  0.692 | cttttaagcgatgTTGCTgt           | Elk-1:Pax-5
 V$RFX3SREBF2_01       |      272 (-) |  0.662 |  0.714 | tttaAGCGAtgttgctgt             | rfx3:SREBP-2
 V$XFD1_01             |      285 (-) |  0.959 |  0.927 | gctgtaTTTATttc                 | XFD-1
 I$EMS_02              |      288 (+) |  0.917 |  0.939 | gtATTTAt                       | Ems
 V$MEF2C_Q4            |      289 (+) |  1.000 |  1.000 | TATTTat                        | MEF-2C
 V$SATB1_Q5_01         |      290 (+) |  1.000 |  1.000 | aTTTAT                         | SATB1
 V$CDX1_Q5             |      291 (+) |  1.000 |  1.000 | TTTATt                         | Cdx-1
 V$PARP_Q4             |      295 (+) |  1.000 |  1.000 | TTTCTt                         | PARP
 I$EXD_01              |      299 (+) |  1.000 |  1.000 | tTTTGAca                       | exd
 V$SOX10_Q3            |      304 (+) |  1.000 |  0.999 | ACAATgcc                       | Sox-10
 F$TBS1_01             |      305 (+) |  0.618 |  0.741 | caatgccTGAACcgaatctc           | Tbs1p
 F$TBS1_01             |      305 (-) |  0.847 |  0.736 | caatgcctGAACCgaatctc           | Tbs1p
 F$MOT3_01             |      308 (-) |  1.000 |  1.000 | TGCCTg                         | MOT3
 F$YBR239C_02          |      309 (+) |  0.800 |  0.806 | gcCTGAAc                       | Ybr239c
 F$LEU3_02             |      310 (+) |  0.863 |  0.904 | cctgaACCGA                     | Leu3p
 V$GABPA_08            |      314 (+) |  1.000 |  0.871 | AACCGaatc                      | GABP-alpha
 I$DEAF_01             |      314 (-) |  0.994 |  0.995 | aACCGAa                        | DEAF
 P$ARR1_01             |      315 (+) |  1.000 |  0.997 | accGAATCtc                     | ARR1
 P$UIF1_01             |      316 (-) |  1.000 |  0.982 | ccGAATCtct                     | UIF1
 P$ARR10_01            |      317 (-) |  0.996 |  0.997 | cgAATCT                        | ARR10
 V$ZNF675_01           |      325 (+) |  1.000 |  1.000 | tgaAAGGGga                     | ZNF675
 V$SPIB_Q3             |      330 (-) |  1.000 |  1.000 | gGGGAA                         | Spi-B

Total sequences length = 1340

Total number of found sites = 783

Frequency of sites per nucleotide = 0.58433